<?xml version="1.0" encoding="UTF-8"?>
<testsuite xmlns:xsi="http://www.w3.org/2001/XMLSchema-instance" xsi:noNamespaceSchemaLocation="https://maven.apache.org/surefire/maven-surefire-plugin/xsd/surefire-test-report-3.0.xsd" version="3.0" name="Feature.VDespa_API.Runner" time="16.503" tests="6" errors="0" skipped="0" failures="2">
  <properties>
[...]
</properties>
  <testcase name="[1:11] Verify API status" classname="Feature/VDespa_API/ProductTestCases" time="5.419">
    <system-out><![CDATA[23:20:01.311 [main] DEBUG com.intuit.karate.Suite -- [config] classpath:karate-config.js
23:20:04.273 [main] DEBUG com.jayway.jsonpath.internal.path.CompiledPath -- Evaluating path: $
23:20:04.959 [main] DEBUG org.apache.http.client.protocol.RequestAddCookies -- CookieSpec selected: karate
23:20:04.973 [main] DEBUG org.apache.http.client.protocol.RequestAuthCache -- Auth cache not set in the context
23:20:04.973 [main] DEBUG com.intuit.karate -- request:
1 > GET https://simple-grocery-store-api.glitch.me/status
1 > Content-Type: application/json
1 > Host: simple-grocery-store-api.glitch.me
1 > Connection: Keep-Alive
1 > User-Agent: Apache-HttpClient/4.5.14 (Java/21.0.7)
1 > Accept-Encoding: gzip,deflate


23:20:04.979 [main] DEBUG org.apache.http.impl.conn.PoolingHttpClientConnectionManager -- Connection request: [route: {s}->https://simple-grocery-store-api.glitch.me:443][total available: 0; route allocated: 0 of 5; total allocated: 0 of 10]
23:20:05.003 [main] DEBUG org.apache.http.impl.conn.PoolingHttpClientConnectionManager -- Connection leased: [id: 0][route: {s}->https://simple-grocery-store-api.glitch.me:443][total available: 0; route allocated: 1 of 5; total allocated: 1 of 10]
23:20:05.005 [main] DEBUG org.apache.http.impl.execchain.MainClientExec -- Opening connection {s}->https://simple-grocery-store-api.glitch.me:443
23:20:05.069 [main] DEBUG org.apache.http.impl.conn.DefaultHttpClientConnectionOperator -- Connecting to simple-grocery-store-api.glitch.me/151.101.158.59:443
23:20:05.070 [main] DEBUG org.apache.http.conn.ssl.SSLConnectionSocketFactory -- Connecting socket to simple-grocery-store-api.glitch.me/151.101.158.59:443 with timeout 30000
23:20:05.225 [main] DEBUG org.apache.http.conn.ssl.SSLConnectionSocketFactory -- Enabled protocols: [TLSv1.3, TLSv1.2]
23:20:05.225 [main] DEBUG org.apache.http.conn.ssl.SSLConnectionSocketFactory -- Enabled cipher suites:[TLS_AES_256_GCM_SHA384, TLS_AES_128_GCM_SHA256, TLS_CHACHA20_POLY1305_SHA256, TLS_ECDHE_ECDSA_WITH_AES_256_GCM_SHA384, TLS_ECDHE_ECDSA_WITH_AES_128_GCM_SHA256, TLS_ECDHE_ECDSA_WITH_CHACHA20_POLY1305_SHA256, TLS_ECDHE_RSA_WITH_AES_256_GCM_SHA384, TLS_ECDHE_RSA_WITH_CHACHA20_POLY1305_SHA256, TLS_ECDHE_RSA_WITH_AES_128_GCM_SHA256, TLS_DHE_RSA_WITH_AES_256_GCM_SHA384, TLS_DHE_RSA_WITH_CHACHA20_POLY1305_SHA256, TLS_DHE_DSS_WITH_AES_256_GCM_SHA384, TLS_DHE_RSA_WITH_AES_128_GCM_SHA256, TLS_DHE_DSS_WITH_AES_128_GCM_SHA256, TLS_ECDHE_ECDSA_WITH_AES_256_CBC_SHA384, TLS_ECDHE_RSA_WITH_AES_256_CBC_SHA384, TLS_ECDHE_ECDSA_WITH_AES_128_CBC_SHA256, TLS_ECDHE_RSA_WITH_AES_128_CBC_SHA256, TLS_DHE_RSA_WITH_AES_256_CBC_SHA256, TLS_DHE_DSS_WITH_AES_256_CBC_SHA256, TLS_DHE_RSA_WITH_AES_128_CBC_SHA256, TLS_DHE_DSS_WITH_AES_128_CBC_SHA256, TLS_ECDHE_ECDSA_WITH_AES_256_CBC_SHA, TLS_ECDHE_RSA_WITH_AES_256_CBC_SHA, TLS_ECDHE_ECDSA_WITH_AES_128_CBC_SHA, TLS_ECDHE_RSA_WITH_AES_128_CBC_SHA, TLS_DHE_RSA_WITH_AES_256_CBC_SHA, TLS_DHE_DSS_WITH_AES_256_CBC_SHA, TLS_DHE_RSA_WITH_AES_128_CBC_SHA, TLS_DHE_DSS_WITH_AES_128_CBC_SHA, TLS_RSA_WITH_AES_256_GCM_SHA384, TLS_RSA_WITH_AES_128_GCM_SHA256, TLS_RSA_WITH_AES_256_CBC_SHA256, TLS_RSA_WITH_AES_128_CBC_SHA256, TLS_RSA_WITH_AES_256_CBC_SHA, TLS_RSA_WITH_AES_128_CBC_SHA, TLS_EMPTY_RENEGOTIATION_INFO_SCSV]
23:20:05.227 [main] DEBUG org.apache.http.conn.ssl.SSLConnectionSocketFactory -- Starting handshake
23:20:05.552 [main] DEBUG org.apache.http.conn.ssl.SSLConnectionSocketFactory -- Secure session established
23:20:05.552 [main] DEBUG org.apache.http.conn.ssl.SSLConnectionSocketFactory --  negotiated protocol: TLSv1.3
23:20:05.552 [main] DEBUG org.apache.http.conn.ssl.SSLConnectionSocketFactory --  negotiated cipher suite: TLS_AES_128_GCM_SHA256
23:20:05.552 [main] DEBUG org.apache.http.conn.ssl.SSLConnectionSocketFactory --  peer principal: CN=*.glitch.me
23:20:05.552 [main] DEBUG org.apache.http.conn.ssl.SSLConnectionSocketFactory --  peer alternative names: [*.glitch.me]
23:20:05.552 [main] DEBUG org.apache.http.conn.ssl.SSLConnectionSocketFactory --  issuer principal: CN=Certainly Intermediate R1, O=Certainly, C=US
23:20:05.562 [main] DEBUG org.apache.http.impl.conn.DefaultHttpClientConnectionOperator -- Connection established 192.168.1.66:57216<->151.101.158.59:443
23:20:05.562 [main] DEBUG org.apache.http.impl.conn.DefaultManagedHttpClientConnection -- http-outgoing-0: set socket timeout to 30000
23:20:05.562 [main] DEBUG org.apache.http.impl.execchain.MainClientExec -- Executing request GET /status HTTP/1.1
23:20:05.562 [main] DEBUG org.apache.http.impl.execchain.MainClientExec -- Target auth state: UNCHALLENGED
23:20:05.562 [main] DEBUG org.apache.http.impl.execchain.MainClientExec -- Proxy auth state: UNCHALLENGED
23:20:05.568 [main] DEBUG org.apache.http.headers -- http-outgoing-0 >> GET /status HTTP/1.1
23:20:05.570 [main] DEBUG org.apache.http.headers -- http-outgoing-0 >> Content-Type: application/json
23:20:05.570 [main] DEBUG org.apache.http.headers -- http-outgoing-0 >> Host: simple-grocery-store-api.glitch.me
23:20:05.570 [main] DEBUG org.apache.http.headers -- http-outgoing-0 >> Connection: Keep-Alive
23:20:05.570 [main] DEBUG org.apache.http.headers -- http-outgoing-0 >> User-Agent: Apache-HttpClient/4.5.14 (Java/21.0.7)
23:20:05.570 [main] DEBUG org.apache.http.headers -- http-outgoing-0 >> Accept-Encoding: gzip,deflate
23:20:05.570 [main] DEBUG org.apache.http.wire -- http-outgoing-0 >> "GET /status HTTP/1.1[\r][\n]"
23:20:05.570 [main] DEBUG org.apache.http.wire -- http-outgoing-0 >> "Content-Type: application/json[\r][\n]"
23:20:05.570 [main] DEBUG org.apache.http.wire -- http-outgoing-0 >> "Host: simple-grocery-store-api.glitch.me[\r][\n]"
23:20:05.570 [main] DEBUG org.apache.http.wire -- http-outgoing-0 >> "Connection: Keep-Alive[\r][\n]"
23:20:05.570 [main] DEBUG org.apache.http.wire -- http-outgoing-0 >> "User-Agent: Apache-HttpClient/4.5.14 (Java/21.0.7)[\r][\n]"
23:20:05.570 [main] DEBUG org.apache.http.wire -- http-outgoing-0 >> "Accept-Encoding: gzip,deflate[\r][\n]"
23:20:05.570 [main] DEBUG org.apache.http.wire -- http-outgoing-0 >> "[\r][\n]"
23:20:05.610 [main] DEBUG org.apache.http.wire -- http-outgoing-0 << "HTTP/1.1 308 redirect[\r][\n]"
23:20:05.610 [main] DEBUG org.apache.http.wire -- http-outgoing-0 << "Connection: close[\r][\n]"
23:20:05.610 [main] DEBUG org.apache.http.wire -- http-outgoing-0 << "Content-Length: 0[\r][\n]"
23:20:05.610 [main] DEBUG org.apache.http.wire -- http-outgoing-0 << "Server: Varnish[\r][\n]"
23:20:05.610 [main] DEBUG org.apache.http.wire -- http-outgoing-0 << "Retry-After: 0[\r][\n]"
23:20:05.610 [main] DEBUG org.apache.http.wire -- http-outgoing-0 << "X-Glitch-Project-Name: simple-grocery-store-api[\r][\n]"
23:20:05.610 [main] DEBUG org.apache.http.wire -- http-outgoing-0 << "Access-Control-Allow-Origin: *[\r][\n]"
23:20:05.616 [main] DEBUG org.apache.http.wire -- http-outgoing-0 << "Location: https://simple-grocery-store-api.click/status[\r][\n]"
23:20:05.616 [main] DEBUG org.apache.http.wire -- http-outgoing-0 << "Accept-Ranges: bytes[\r][\n]"
23:20:05.616 [main] DEBUG org.apache.http.wire -- http-outgoing-0 << "Date: Sun, 02 Nov 2025 17:50:05 GMT[\r][\n]"
23:20:05.616 [main] DEBUG org.apache.http.wire -- http-outgoing-0 << "Via: 1.1 varnish[\r][\n]"
23:20:05.617 [main] DEBUG org.apache.http.wire -- http-outgoing-0 << "X-Served-By: cache-maa10224-MAA[\r][\n]"
23:20:05.617 [main] DEBUG org.apache.http.wire -- http-outgoing-0 << "X-Cache: HIT[\r][\n]"
23:20:05.617 [main] DEBUG org.apache.http.wire -- http-outgoing-0 << "X-Cache-Hits: 0[\r][\n]"
23:20:05.617 [main] DEBUG org.apache.http.wire -- http-outgoing-0 << "X-Timer: S1762105806.703686,VS0,VE0[\r][\n]"
23:20:05.617 [main] DEBUG org.apache.http.wire -- http-outgoing-0 << "[\r][\n]"
23:20:05.620 [main] DEBUG org.apache.http.headers -- http-outgoing-0 << HTTP/1.1 308 redirect
23:20:05.620 [main] DEBUG org.apache.http.headers -- http-outgoing-0 << Connection: close
23:20:05.620 [main] DEBUG org.apache.http.headers -- http-outgoing-0 << Content-Length: 0
23:20:05.620 [main] DEBUG org.apache.http.headers -- http-outgoing-0 << Server: Varnish
23:20:05.620 [main] DEBUG org.apache.http.headers -- http-outgoing-0 << Retry-After: 0
23:20:05.620 [main] DEBUG org.apache.http.headers -- http-outgoing-0 << X-Glitch-Project-Name: simple-grocery-store-api
23:20:05.620 [main] DEBUG org.apache.http.headers -- http-outgoing-0 << Access-Control-Allow-Origin: *
23:20:05.620 [main] DEBUG org.apache.http.headers -- http-outgoing-0 << Location: https://simple-grocery-store-api.click/status
23:20:05.620 [main] DEBUG org.apache.http.headers -- http-outgoing-0 << Accept-Ranges: bytes
23:20:05.620 [main] DEBUG org.apache.http.headers -- http-outgoing-0 << Date: Sun, 02 Nov 2025 17:50:05 GMT
23:20:05.620 [main] DEBUG org.apache.http.headers -- http-outgoing-0 << Via: 1.1 varnish
23:20:05.620 [main] DEBUG org.apache.http.headers -- http-outgoing-0 << X-Served-By: cache-maa10224-MAA
23:20:05.620 [main] DEBUG org.apache.http.headers -- http-outgoing-0 << X-Cache: HIT
23:20:05.620 [main] DEBUG org.apache.http.headers -- http-outgoing-0 << X-Cache-Hits: 0
23:20:05.620 [main] DEBUG org.apache.http.headers -- http-outgoing-0 << X-Timer: S1762105806.703686,VS0,VE0
23:20:05.630 [main] DEBUG org.apache.http.impl.conn.DefaultManagedHttpClientConnection -- http-outgoing-0: Close connection
23:20:05.634 [main] DEBUG org.apache.http.impl.execchain.MainClientExec -- Connection discarded
23:20:05.636 [main] DEBUG org.apache.http.impl.conn.PoolingHttpClientConnectionManager -- Connection released: [id: 0][route: {s}->https://simple-grocery-store-api.glitch.me:443][total available: 0; route allocated: 0 of 5; total allocated: 0 of 10]
23:20:05.642 [main] DEBUG org.apache.http.impl.client.LaxRedirectStrategy -- Redirect requested to location 'https://simple-grocery-store-api.click/status'
23:20:05.646 [main] DEBUG org.apache.http.impl.execchain.RedirectExec -- Resetting target auth state
23:20:05.648 [main] DEBUG org.apache.http.impl.execchain.RedirectExec -- Redirecting to 'https://simple-grocery-store-api.click/status' via {s}->https://simple-grocery-store-api.click:443
23:20:05.653 [main] DEBUG org.apache.http.client.protocol.RequestAddCookies -- CookieSpec selected: karate
23:20:05.653 [main] DEBUG org.apache.http.client.protocol.RequestAuthCache -- Auth cache not set in the context
23:20:05.653 [main] DEBUG com.intuit.karate -- request:
2 > GET https://simple-grocery-store-api.glitch.me/status
2 > Content-Type: application/json
2 > Host: simple-grocery-store-api.click
2 > Connection: Keep-Alive
2 > User-Agent: Apache-HttpClient/4.5.14 (Java/21.0.7)
2 > Accept-Encoding: gzip,deflate


23:20:05.655 [main] DEBUG org.apache.http.impl.conn.PoolingHttpClientConnectionManager -- Connection request: [route: {s}->https://simple-grocery-store-api.click:443][total available: 0; route allocated: 0 of 5; total allocated: 0 of 10]
23:20:05.655 [main] DEBUG org.apache.http.impl.conn.PoolingHttpClientConnectionManager -- Connection leased: [id: 1][route: {s}->https://simple-grocery-store-api.click:443][total available: 0; route allocated: 1 of 5; total allocated: 1 of 10]
23:20:05.655 [main] DEBUG org.apache.http.impl.execchain.MainClientExec -- Opening connection {s}->https://simple-grocery-store-api.click:443
23:20:05.694 [main] DEBUG org.apache.http.impl.conn.DefaultHttpClientConnectionOperator -- Connecting to simple-grocery-store-api.click/18.161.216.17:443
23:20:05.695 [main] DEBUG org.apache.http.conn.ssl.SSLConnectionSocketFactory -- Connecting socket to simple-grocery-store-api.click/18.161.216.17:443 with timeout 30000
23:20:05.728 [main] DEBUG org.apache.http.conn.ssl.SSLConnectionSocketFactory -- Enabled protocols: [TLSv1.3, TLSv1.2]
23:20:05.730 [main] DEBUG org.apache.http.conn.ssl.SSLConnectionSocketFactory -- Enabled cipher suites:[TLS_AES_256_GCM_SHA384, TLS_AES_128_GCM_SHA256, TLS_CHACHA20_POLY1305_SHA256, TLS_ECDHE_ECDSA_WITH_AES_256_GCM_SHA384, TLS_ECDHE_ECDSA_WITH_AES_128_GCM_SHA256, TLS_ECDHE_ECDSA_WITH_CHACHA20_POLY1305_SHA256, TLS_ECDHE_RSA_WITH_AES_256_GCM_SHA384, TLS_ECDHE_RSA_WITH_CHACHA20_POLY1305_SHA256, TLS_ECDHE_RSA_WITH_AES_128_GCM_SHA256, TLS_DHE_RSA_WITH_AES_256_GCM_SHA384, TLS_DHE_RSA_WITH_CHACHA20_POLY1305_SHA256, TLS_DHE_DSS_WITH_AES_256_GCM_SHA384, TLS_DHE_RSA_WITH_AES_128_GCM_SHA256, TLS_DHE_DSS_WITH_AES_128_GCM_SHA256, TLS_ECDHE_ECDSA_WITH_AES_256_CBC_SHA384, TLS_ECDHE_RSA_WITH_AES_256_CBC_SHA384, TLS_ECDHE_ECDSA_WITH_AES_128_CBC_SHA256, TLS_ECDHE_RSA_WITH_AES_128_CBC_SHA256, TLS_DHE_RSA_WITH_AES_256_CBC_SHA256, TLS_DHE_DSS_WITH_AES_256_CBC_SHA256, TLS_DHE_RSA_WITH_AES_128_CBC_SHA256, TLS_DHE_DSS_WITH_AES_128_CBC_SHA256, TLS_ECDHE_ECDSA_WITH_AES_256_CBC_SHA, TLS_ECDHE_RSA_WITH_AES_256_CBC_SHA, TLS_ECDHE_ECDSA_WITH_AES_128_CBC_SHA, TLS_ECDHE_RSA_WITH_AES_128_CBC_SHA, TLS_DHE_RSA_WITH_AES_256_CBC_SHA, TLS_DHE_DSS_WITH_AES_256_CBC_SHA, TLS_DHE_RSA_WITH_AES_128_CBC_SHA, TLS_DHE_DSS_WITH_AES_128_CBC_SHA, TLS_RSA_WITH_AES_256_GCM_SHA384, TLS_RSA_WITH_AES_128_GCM_SHA256, TLS_RSA_WITH_AES_256_CBC_SHA256, TLS_RSA_WITH_AES_128_CBC_SHA256, TLS_RSA_WITH_AES_256_CBC_SHA, TLS_RSA_WITH_AES_128_CBC_SHA, TLS_EMPTY_RENEGOTIATION_INFO_SCSV]
23:20:05.730 [main] DEBUG org.apache.http.conn.ssl.SSLConnectionSocketFactory -- Starting handshake
23:20:05.803 [main] DEBUG org.apache.http.conn.ssl.SSLConnectionSocketFactory -- Secure session established
23:20:05.803 [main] DEBUG org.apache.http.conn.ssl.SSLConnectionSocketFactory --  negotiated protocol: TLSv1.3
23:20:05.803 [main] DEBUG org.apache.http.conn.ssl.SSLConnectionSocketFactory --  negotiated cipher suite: TLS_AES_128_GCM_SHA256
23:20:05.803 [main] DEBUG org.apache.http.conn.ssl.SSLConnectionSocketFactory --  peer principal: CN=simple-grocery-store-api.click
23:20:05.803 [main] DEBUG org.apache.http.conn.ssl.SSLConnectionSocketFactory --  peer alternative names: [simple-grocery-store-api.click]
23:20:05.805 [main] DEBUG org.apache.http.conn.ssl.SSLConnectionSocketFactory --  issuer principal: CN=Amazon RSA 2048 M02, O=Amazon, C=US
23:20:05.806 [main] DEBUG org.apache.http.impl.conn.DefaultHttpClientConnectionOperator -- Connection established 192.168.1.66:57217<->18.161.216.17:443
23:20:05.806 [main] DEBUG org.apache.http.impl.conn.DefaultManagedHttpClientConnection -- http-outgoing-1: set socket timeout to 30000
23:20:05.806 [main] DEBUG org.apache.http.impl.execchain.MainClientExec -- Executing request GET /status HTTP/1.1
23:20:05.806 [main] DEBUG org.apache.http.impl.execchain.MainClientExec -- Target auth state: UNCHALLENGED
23:20:05.806 [main] DEBUG org.apache.http.impl.execchain.MainClientExec -- Proxy auth state: UNCHALLENGED
23:20:05.806 [main] DEBUG org.apache.http.headers -- http-outgoing-1 >> GET /status HTTP/1.1
23:20:05.806 [main] DEBUG org.apache.http.headers -- http-outgoing-1 >> Content-Type: application/json
23:20:05.806 [main] DEBUG org.apache.http.headers -- http-outgoing-1 >> Host: simple-grocery-store-api.click
23:20:05.806 [main] DEBUG org.apache.http.headers -- http-outgoing-1 >> Connection: Keep-Alive
23:20:05.806 [main] DEBUG org.apache.http.headers -- http-outgoing-1 >> User-Agent: Apache-HttpClient/4.5.14 (Java/21.0.7)
23:20:05.806 [main] DEBUG org.apache.http.headers -- http-outgoing-1 >> Accept-Encoding: gzip,deflate
23:20:05.806 [main] DEBUG org.apache.http.wire -- http-outgoing-1 >> "GET /status HTTP/1.1[\r][\n]"
23:20:05.806 [main] DEBUG org.apache.http.wire -- http-outgoing-1 >> "Content-Type: application/json[\r][\n]"
23:20:05.806 [main] DEBUG org.apache.http.wire -- http-outgoing-1 >> "Host: simple-grocery-store-api.click[\r][\n]"
23:20:05.806 [main] DEBUG org.apache.http.wire -- http-outgoing-1 >> "Connection: Keep-Alive[\r][\n]"
23:20:05.806 [main] DEBUG org.apache.http.wire -- http-outgoing-1 >> "User-Agent: Apache-HttpClient/4.5.14 (Java/21.0.7)[\r][\n]"
23:20:05.806 [main] DEBUG org.apache.http.wire -- http-outgoing-1 >> "Accept-Encoding: gzip,deflate[\r][\n]"
23:20:05.806 [main] DEBUG org.apache.http.wire -- http-outgoing-1 >> "[\r][\n]"
23:20:06.618 [main] DEBUG org.apache.http.wire -- http-outgoing-1 << "HTTP/1.1 200 OK[\r][\n]"
23:20:06.620 [main] DEBUG org.apache.http.wire -- http-outgoing-1 << "Content-Type: application/json[\r][\n]"
23:20:06.620 [main] DEBUG org.apache.http.wire -- http-outgoing-1 << "Content-Length: 15[\r][\n]"
23:20:06.620 [main] DEBUG org.apache.http.wire -- http-outgoing-1 << "Connection: keep-alive[\r][\n]"
23:20:06.620 [main] DEBUG org.apache.http.wire -- http-outgoing-1 << "Date: Sun, 02 Nov 2025 17:50:06 GMT[\r][\n]"
23:20:06.620 [main] DEBUG org.apache.http.wire -- http-outgoing-1 << "X-Amzn-Trace-Id: Root=1-690799ce-639888212d34372d4bb9dfb3;Parent=265026dd4d1112d8;Sampled=0;Lineage=1:9dbbed17:0[\r][\n]"
23:20:06.622 [main] DEBUG org.apache.http.wire -- http-outgoing-1 << "x-amzn-RequestId: 2262fa22-d8ab-430a-b117-2e36aad44439[\r][\n]"
23:20:06.622 [main] DEBUG org.apache.http.wire -- http-outgoing-1 << "Access-Control-Allow-Origin: *[\r][\n]"
23:20:06.622 [main] DEBUG org.apache.http.wire -- http-outgoing-1 << "Access-Control-Allow-Headers: Content-Type,X-Amz-Date,Authorization,X-Api-Key[\r][\n]"
23:20:06.622 [main] DEBUG org.apache.http.wire -- http-outgoing-1 << "x-amz-apigw-id: TbT4UF7WIAMEfgA=[\r][\n]"
23:20:06.622 [main] DEBUG org.apache.http.wire -- http-outgoing-1 << "Access-Control-Allow-Methods: GET,POST,PUT,PATCH,DELETE,OPTIONS[\r][\n]"
23:20:06.622 [main] DEBUG org.apache.http.wire -- http-outgoing-1 << "X-Cache: Miss from cloudfront[\r][\n]"
23:20:06.622 [main] DEBUG org.apache.http.wire -- http-outgoing-1 << "Via: 1.1 9c95753b25d8166b48d0149e60434984.cloudfront.net (CloudFront)[\r][\n]"
23:20:06.622 [main] DEBUG org.apache.http.wire -- http-outgoing-1 << "X-Amz-Cf-Pop: BLR50-P2[\r][\n]"
23:20:06.622 [main] DEBUG org.apache.http.wire -- http-outgoing-1 << "X-Amz-Cf-Id: h8PXJk9-8Mvm3g0VeN06MsfW1PyrXTxp05jv_yJHGii-45_proHpjA==[\r][\n]"
23:20:06.622 [main] DEBUG org.apache.http.wire -- http-outgoing-1 << "[\r][\n]"
23:20:06.622 [main] DEBUG org.apache.http.wire -- http-outgoing-1 << "{"status":"UP"}"
23:20:06.622 [main] DEBUG org.apache.http.headers -- http-outgoing-1 << HTTP/1.1 200 OK
23:20:06.622 [main] DEBUG org.apache.http.headers -- http-outgoing-1 << Content-Type: application/json
23:20:06.622 [main] DEBUG org.apache.http.headers -- http-outgoing-1 << Content-Length: 15
23:20:06.622 [main] DEBUG org.apache.http.headers -- http-outgoing-1 << Connection: keep-alive
23:20:06.622 [main] DEBUG org.apache.http.headers -- http-outgoing-1 << Date: Sun, 02 Nov 2025 17:50:06 GMT
23:20:06.622 [main] DEBUG org.apache.http.headers -- http-outgoing-1 << X-Amzn-Trace-Id: Root=1-690799ce-639888212d34372d4bb9dfb3;Parent=265026dd4d1112d8;Sampled=0;Lineage=1:9dbbed17:0
23:20:06.622 [main] DEBUG org.apache.http.headers -- http-outgoing-1 << x-amzn-RequestId: 2262fa22-d8ab-430a-b117-2e36aad44439
23:20:06.622 [main] DEBUG org.apache.http.headers -- http-outgoing-1 << Access-Control-Allow-Origin: *
23:20:06.622 [main] DEBUG org.apache.http.headers -- http-outgoing-1 << Access-Control-Allow-Headers: Content-Type,X-Amz-Date,Authorization,X-Api-Key
23:20:06.622 [main] DEBUG org.apache.http.headers -- http-outgoing-1 << x-amz-apigw-id: TbT4UF7WIAMEfgA=
23:20:06.622 [main] DEBUG org.apache.http.headers -- http-outgoing-1 << Access-Control-Allow-Methods: GET,POST,PUT,PATCH,DELETE,OPTIONS
23:20:06.622 [main] DEBUG org.apache.http.headers -- http-outgoing-1 << X-Cache: Miss from cloudfront
23:20:06.622 [main] DEBUG org.apache.http.headers -- http-outgoing-1 << Via: 1.1 9c95753b25d8166b48d0149e60434984.cloudfront.net (CloudFront)
23:20:06.622 [main] DEBUG org.apache.http.headers -- http-outgoing-1 << X-Amz-Cf-Pop: BLR50-P2
23:20:06.622 [main] DEBUG org.apache.http.headers -- http-outgoing-1 << X-Amz-Cf-Id: h8PXJk9-8Mvm3g0VeN06MsfW1PyrXTxp05jv_yJHGii-45_proHpjA==
23:20:06.637 [main] DEBUG org.apache.http.impl.execchain.MainClientExec -- Connection can be kept alive indefinitely
23:20:06.639 [main] DEBUG org.apache.http.impl.conn.PoolingHttpClientConnectionManager -- Connection [id: 1][route: {s}->https://simple-grocery-store-api.click:443] can be kept alive indefinitely
23:20:06.639 [main] DEBUG org.apache.http.impl.conn.DefaultManagedHttpClientConnection -- http-outgoing-1: set socket timeout to 0
23:20:06.639 [main] DEBUG org.apache.http.impl.conn.PoolingHttpClientConnectionManager -- Connection released: [id: 1][route: {s}->https://simple-grocery-store-api.click:443][total available: 1; route allocated: 1 of 5; total allocated: 1 of 10]
23:20:06.642 [main] DEBUG org.apache.http.impl.conn.PoolingHttpClientConnectionManager -- Connection manager is shutting down
23:20:06.642 [main] DEBUG org.apache.http.impl.conn.DefaultManagedHttpClientConnection -- http-outgoing-1: Close connection
23:20:06.648 [main] DEBUG org.apache.http.impl.conn.PoolingHttpClientConnectionManager -- Connection manager shut down
23:20:06.666 [main] DEBUG com.intuit.karate -- response time in milliseconds: 989
2 < 200
2 < Content-Type: application/json
2 < Content-Length: 15
2 < Connection: keep-alive
2 < Date: Sun, 02 Nov 2025 17:50:06 GMT
2 < X-Amzn-Trace-Id: Root=1-690799ce-639888212d34372d4bb9dfb3;Parent=265026dd4d1112d8;Sampled=0;Lineage=1:9dbbed17:0
2 < x-amzn-RequestId: 2262fa22-d8ab-430a-b117-2e36aad44439
2 < Access-Control-Allow-Origin: *
2 < Access-Control-Allow-Headers: Content-Type,X-Amz-Date,Authorization,X-Api-Key
2 < x-amz-apigw-id: TbT4UF7WIAMEfgA=
2 < Access-Control-Allow-Methods: GET,POST,PUT,PATCH,DELETE,OPTIONS
2 < X-Cache: Miss from cloudfront
2 < Via: 1.1 9c95753b25d8166b48d0149e60434984.cloudfront.net (CloudFront)
2 < X-Amz-Cf-Pop: BLR50-P2
2 < X-Amz-Cf-Id: h8PXJk9-8Mvm3g0VeN06MsfW1PyrXTxp05jv_yJHGii-45_proHpjA==
{
  "status": "UP"
}


23:20:06.724 [main] INFO com.intuit.karate -- [print] Response: {
  "status": "UP"
}
 
23:20:06.760 [main] DEBUG com.jayway.jsonpath.internal.path.CompiledPath -- Evaluating path: $['status']
]]></system-out>
  </testcase>
  <testcase name="[2:22] Get all products and return first ID" classname="Feature/VDespa_API/ProductTestCases" time="1.023">
    <failure message="no step-definition method match found for: return { productId: productId }&#10;classpath:Feature/VDespa_API/ProductTestCases.feature:30" type="org.opentest4j.AssertionFailedError"><![CDATA[org.opentest4j.AssertionFailedError: 
no step-definition method match found for: return { productId: productId }
classpath:Feature/VDespa_API/ProductTestCases.feature:30
	at com.intuit.karate.junit5.FeatureNode.lambda$next$1(FeatureNode.java:86)
	at java.base/java.util.stream.ForEachOps$ForEachOp$OfRef.accept(ForEachOps.java:184)
	at java.base/java.util.stream.ReferencePipeline$3$1.accept(ReferencePipeline.java:197)
	at java.base/java.util.stream.ReferencePipeline$2$1.accept(ReferencePipeline.java:179)
	at java.base/java.util.stream.ReferencePipeline$3$1.accept(ReferencePipeline.java:197)
	at java.base/java.util.Iterator.forEachRemaining(Iterator.java:133)
	at java.base/java.util.Spliterators$IteratorSpliterator.forEachRemaining(Spliterators.java:1939)
	at java.base/java.util.stream.AbstractPipeline.copyInto(AbstractPipeline.java:509)
	at java.base/java.util.stream.AbstractPipeline.wrapAndCopyInto(AbstractPipeline.java:499)
	at java.base/java.util.stream.ForEachOps$ForEachOp.evaluateSequential(ForEachOps.java:151)
	at java.base/java.util.stream.ForEachOps$ForEachOp$OfRef.evaluateSequential(ForEachOps.java:174)
	at java.base/java.util.stream.AbstractPipeline.evaluate(AbstractPipeline.java:234)
	at java.base/java.util.stream.ReferencePipeline.forEachOrdered(ReferencePipeline.java:601)
	at java.base/java.util.Optional.ifPresent(Optional.java:178)
	at java.base/java.util.ArrayList.forEach(ArrayList.java:1596)
	at java.base/java.util.ArrayList.forEach(ArrayList.java:1596)
]]></failure>
    <system-out><![CDATA[23:20:06.870 [main] DEBUG com.jayway.jsonpath.internal.path.CompiledPath -- Evaluating path: $
23:20:06.870 [main] DEBUG org.apache.http.client.protocol.RequestAddCookies -- CookieSpec selected: karate
23:20:06.870 [main] DEBUG org.apache.http.client.protocol.RequestAuthCache -- Auth cache not set in the context
23:20:06.870 [main] DEBUG com.intuit.karate -- request:
1 > GET https://simple-grocery-store-api.glitch.me/products
1 > Content-Type: application/json
1 > Host: simple-grocery-store-api.glitch.me
1 > Connection: Keep-Alive
1 > User-Agent: Apache-HttpClient/4.5.14 (Java/21.0.7)
1 > Accept-Encoding: gzip,deflate


23:20:06.870 [main] DEBUG org.apache.http.impl.conn.PoolingHttpClientConnectionManager -- Connection request: [route: {s}->https://simple-grocery-store-api.glitch.me:443][total available: 0; route allocated: 0 of 5; total allocated: 0 of 10]
23:20:06.878 [main] DEBUG org.apache.http.impl.conn.PoolingHttpClientConnectionManager -- Connection leased: [id: 2][route: {s}->https://simple-grocery-store-api.glitch.me:443][total available: 0; route allocated: 1 of 5; total allocated: 1 of 10]
23:20:06.878 [main] DEBUG org.apache.http.impl.execchain.MainClientExec -- Opening connection {s}->https://simple-grocery-store-api.glitch.me:443
23:20:06.878 [main] DEBUG org.apache.http.impl.conn.DefaultHttpClientConnectionOperator -- Connecting to simple-grocery-store-api.glitch.me/151.101.158.59:443
23:20:06.879 [main] DEBUG org.apache.http.conn.ssl.SSLConnectionSocketFactory -- Connecting socket to simple-grocery-store-api.glitch.me/151.101.158.59:443 with timeout 30000
23:20:06.902 [main] DEBUG org.apache.http.conn.ssl.SSLConnectionSocketFactory -- Enabled protocols: [TLSv1.3, TLSv1.2]
23:20:06.902 [main] DEBUG org.apache.http.conn.ssl.SSLConnectionSocketFactory -- Enabled cipher suites:[TLS_AES_256_GCM_SHA384, TLS_AES_128_GCM_SHA256, TLS_CHACHA20_POLY1305_SHA256, TLS_ECDHE_ECDSA_WITH_AES_256_GCM_SHA384, TLS_ECDHE_ECDSA_WITH_AES_128_GCM_SHA256, TLS_ECDHE_ECDSA_WITH_CHACHA20_POLY1305_SHA256, TLS_ECDHE_RSA_WITH_AES_256_GCM_SHA384, TLS_ECDHE_RSA_WITH_CHACHA20_POLY1305_SHA256, TLS_ECDHE_RSA_WITH_AES_128_GCM_SHA256, TLS_DHE_RSA_WITH_AES_256_GCM_SHA384, TLS_DHE_RSA_WITH_CHACHA20_POLY1305_SHA256, TLS_DHE_DSS_WITH_AES_256_GCM_SHA384, TLS_DHE_RSA_WITH_AES_128_GCM_SHA256, TLS_DHE_DSS_WITH_AES_128_GCM_SHA256, TLS_ECDHE_ECDSA_WITH_AES_256_CBC_SHA384, TLS_ECDHE_RSA_WITH_AES_256_CBC_SHA384, TLS_ECDHE_ECDSA_WITH_AES_128_CBC_SHA256, TLS_ECDHE_RSA_WITH_AES_128_CBC_SHA256, TLS_DHE_RSA_WITH_AES_256_CBC_SHA256, TLS_DHE_DSS_WITH_AES_256_CBC_SHA256, TLS_DHE_RSA_WITH_AES_128_CBC_SHA256, TLS_DHE_DSS_WITH_AES_128_CBC_SHA256, TLS_ECDHE_ECDSA_WITH_AES_256_CBC_SHA, TLS_ECDHE_RSA_WITH_AES_256_CBC_SHA, TLS_ECDHE_ECDSA_WITH_AES_128_CBC_SHA, TLS_ECDHE_RSA_WITH_AES_128_CBC_SHA, TLS_DHE_RSA_WITH_AES_256_CBC_SHA, TLS_DHE_DSS_WITH_AES_256_CBC_SHA, TLS_DHE_RSA_WITH_AES_128_CBC_SHA, TLS_DHE_DSS_WITH_AES_128_CBC_SHA, TLS_RSA_WITH_AES_256_GCM_SHA384, TLS_RSA_WITH_AES_128_GCM_SHA256, TLS_RSA_WITH_AES_256_CBC_SHA256, TLS_RSA_WITH_AES_128_CBC_SHA256, TLS_RSA_WITH_AES_256_CBC_SHA, TLS_RSA_WITH_AES_128_CBC_SHA, TLS_EMPTY_RENEGOTIATION_INFO_SCSV]
23:20:06.902 [main] DEBUG org.apache.http.conn.ssl.SSLConnectionSocketFactory -- Starting handshake
23:20:06.979 [main] DEBUG org.apache.http.conn.ssl.SSLConnectionSocketFactory -- Secure session established
23:20:06.979 [main] DEBUG org.apache.http.conn.ssl.SSLConnectionSocketFactory --  negotiated protocol: TLSv1.3
23:20:06.979 [main] DEBUG org.apache.http.conn.ssl.SSLConnectionSocketFactory --  negotiated cipher suite: TLS_AES_128_GCM_SHA256
23:20:06.979 [main] DEBUG org.apache.http.conn.ssl.SSLConnectionSocketFactory --  peer principal: CN=*.glitch.me
23:20:06.979 [main] DEBUG org.apache.http.conn.ssl.SSLConnectionSocketFactory --  peer alternative names: [*.glitch.me]
23:20:06.979 [main] DEBUG org.apache.http.conn.ssl.SSLConnectionSocketFactory --  issuer principal: CN=Certainly Intermediate R1, O=Certainly, C=US
23:20:06.979 [main] DEBUG org.apache.http.impl.conn.DefaultHttpClientConnectionOperator -- Connection established 192.168.1.66:57218<->151.101.158.59:443
23:20:06.984 [main] DEBUG org.apache.http.impl.conn.DefaultManagedHttpClientConnection -- http-outgoing-2: set socket timeout to 30000
23:20:06.984 [main] DEBUG org.apache.http.impl.execchain.MainClientExec -- Executing request GET /products HTTP/1.1
23:20:06.984 [main] DEBUG org.apache.http.impl.execchain.MainClientExec -- Target auth state: UNCHALLENGED
23:20:06.984 [main] DEBUG org.apache.http.impl.execchain.MainClientExec -- Proxy auth state: UNCHALLENGED
23:20:06.986 [main] DEBUG org.apache.http.headers -- http-outgoing-2 >> GET /products HTTP/1.1
23:20:06.986 [main] DEBUG org.apache.http.headers -- http-outgoing-2 >> Content-Type: application/json
23:20:06.986 [main] DEBUG org.apache.http.headers -- http-outgoing-2 >> Host: simple-grocery-store-api.glitch.me
23:20:06.988 [main] DEBUG org.apache.http.headers -- http-outgoing-2 >> Connection: Keep-Alive
23:20:06.988 [main] DEBUG org.apache.http.headers -- http-outgoing-2 >> User-Agent: Apache-HttpClient/4.5.14 (Java/21.0.7)
23:20:06.988 [main] DEBUG org.apache.http.headers -- http-outgoing-2 >> Accept-Encoding: gzip,deflate
23:20:06.989 [main] DEBUG org.apache.http.wire -- http-outgoing-2 >> "GET /products HTTP/1.1[\r][\n]"
23:20:06.989 [main] DEBUG org.apache.http.wire -- http-outgoing-2 >> "Content-Type: application/json[\r][\n]"
23:20:06.991 [main] DEBUG org.apache.http.wire -- http-outgoing-2 >> "Host: simple-grocery-store-api.glitch.me[\r][\n]"
23:20:06.991 [main] DEBUG org.apache.http.wire -- http-outgoing-2 >> "Connection: Keep-Alive[\r][\n]"
23:20:06.991 [main] DEBUG org.apache.http.wire -- http-outgoing-2 >> "User-Agent: Apache-HttpClient/4.5.14 (Java/21.0.7)[\r][\n]"
23:20:06.991 [main] DEBUG org.apache.http.wire -- http-outgoing-2 >> "Accept-Encoding: gzip,deflate[\r][\n]"
23:20:06.991 [main] DEBUG org.apache.http.wire -- http-outgoing-2 >> "[\r][\n]"
23:20:07.000 [main] DEBUG org.apache.http.wire -- http-outgoing-2 << "HTTP/1.1 308 redirect[\r][\n]"
23:20:07.000 [main] DEBUG org.apache.http.wire -- http-outgoing-2 << "Connection: close[\r][\n]"
23:20:07.005 [main] DEBUG org.apache.http.wire -- http-outgoing-2 << "Content-Length: 0[\r][\n]"
23:20:07.005 [main] DEBUG org.apache.http.wire -- http-outgoing-2 << "Server: Varnish[\r][\n]"
23:20:07.005 [main] DEBUG org.apache.http.wire -- http-outgoing-2 << "Retry-After: 0[\r][\n]"
23:20:07.005 [main] DEBUG org.apache.http.wire -- http-outgoing-2 << "X-Glitch-Project-Name: simple-grocery-store-api[\r][\n]"
23:20:07.005 [main] DEBUG org.apache.http.wire -- http-outgoing-2 << "Access-Control-Allow-Origin: *[\r][\n]"
23:20:07.005 [main] DEBUG org.apache.http.wire -- http-outgoing-2 << "Location: https://simple-grocery-store-api.click/products[\r][\n]"
23:20:07.005 [main] DEBUG org.apache.http.wire -- http-outgoing-2 << "Accept-Ranges: bytes[\r][\n]"
23:20:07.005 [main] DEBUG org.apache.http.wire -- http-outgoing-2 << "Date: Sun, 02 Nov 2025 17:50:07 GMT[\r][\n]"
23:20:07.005 [main] DEBUG org.apache.http.wire -- http-outgoing-2 << "Via: 1.1 varnish[\r][\n]"
23:20:07.005 [main] DEBUG org.apache.http.wire -- http-outgoing-2 << "X-Served-By: cache-maa10251-MAA[\r][\n]"
23:20:07.005 [main] DEBUG org.apache.http.wire -- http-outgoing-2 << "X-Cache: HIT[\r][\n]"
23:20:07.005 [main] DEBUG org.apache.http.wire -- http-outgoing-2 << "X-Cache-Hits: 0[\r][\n]"
23:20:07.005 [main] DEBUG org.apache.http.wire -- http-outgoing-2 << "X-Timer: S1762105807.116161,VS0,VE0[\r][\n]"
23:20:07.005 [main] DEBUG org.apache.http.wire -- http-outgoing-2 << "[\r][\n]"
23:20:07.005 [main] DEBUG org.apache.http.headers -- http-outgoing-2 << HTTP/1.1 308 redirect
23:20:07.005 [main] DEBUG org.apache.http.headers -- http-outgoing-2 << Connection: close
23:20:07.009 [main] DEBUG org.apache.http.headers -- http-outgoing-2 << Content-Length: 0
23:20:07.009 [main] DEBUG org.apache.http.headers -- http-outgoing-2 << Server: Varnish
23:20:07.009 [main] DEBUG org.apache.http.headers -- http-outgoing-2 << Retry-After: 0
23:20:07.010 [main] DEBUG org.apache.http.headers -- http-outgoing-2 << X-Glitch-Project-Name: simple-grocery-store-api
23:20:07.010 [main] DEBUG org.apache.http.headers -- http-outgoing-2 << Access-Control-Allow-Origin: *
23:20:07.010 [main] DEBUG org.apache.http.headers -- http-outgoing-2 << Location: https://simple-grocery-store-api.click/products
23:20:07.010 [main] DEBUG org.apache.http.headers -- http-outgoing-2 << Accept-Ranges: bytes
23:20:07.010 [main] DEBUG org.apache.http.headers -- http-outgoing-2 << Date: Sun, 02 Nov 2025 17:50:07 GMT
23:20:07.010 [main] DEBUG org.apache.http.headers -- http-outgoing-2 << Via: 1.1 varnish
23:20:07.010 [main] DEBUG org.apache.http.headers -- http-outgoing-2 << X-Served-By: cache-maa10251-MAA
23:20:07.010 [main] DEBUG org.apache.http.headers -- http-outgoing-2 << X-Cache: HIT
23:20:07.010 [main] DEBUG org.apache.http.headers -- http-outgoing-2 << X-Cache-Hits: 0
23:20:07.010 [main] DEBUG org.apache.http.headers -- http-outgoing-2 << X-Timer: S1762105807.116161,VS0,VE0
23:20:07.010 [main] DEBUG org.apache.http.impl.conn.DefaultManagedHttpClientConnection -- http-outgoing-2: Close connection
23:20:07.010 [main] DEBUG org.apache.http.impl.execchain.MainClientExec -- Connection discarded
23:20:07.010 [main] DEBUG org.apache.http.impl.conn.PoolingHttpClientConnectionManager -- Connection released: [id: 2][route: {s}->https://simple-grocery-store-api.glitch.me:443][total available: 0; route allocated: 0 of 5; total allocated: 0 of 10]
23:20:07.010 [main] DEBUG org.apache.http.impl.client.LaxRedirectStrategy -- Redirect requested to location 'https://simple-grocery-store-api.click/products'
23:20:07.015 [main] DEBUG org.apache.http.impl.execchain.RedirectExec -- Resetting target auth state
23:20:07.015 [main] DEBUG org.apache.http.impl.execchain.RedirectExec -- Redirecting to 'https://simple-grocery-store-api.click/products' via {s}->https://simple-grocery-store-api.click:443
23:20:07.015 [main] DEBUG org.apache.http.client.protocol.RequestAddCookies -- CookieSpec selected: karate
23:20:07.018 [main] DEBUG org.apache.http.client.protocol.RequestAuthCache -- Auth cache not set in the context
23:20:07.018 [main] DEBUG com.intuit.karate -- request:
2 > GET https://simple-grocery-store-api.glitch.me/products
2 > Content-Type: application/json
2 > Host: simple-grocery-store-api.click
2 > Connection: Keep-Alive
2 > User-Agent: Apache-HttpClient/4.5.14 (Java/21.0.7)
2 > Accept-Encoding: gzip,deflate


23:20:07.018 [main] DEBUG org.apache.http.impl.conn.PoolingHttpClientConnectionManager -- Connection request: [route: {s}->https://simple-grocery-store-api.click:443][total available: 0; route allocated: 0 of 5; total allocated: 0 of 10]
23:20:07.020 [main] DEBUG org.apache.http.impl.conn.PoolingHttpClientConnectionManager -- Connection leased: [id: 3][route: {s}->https://simple-grocery-store-api.click:443][total available: 0; route allocated: 1 of 5; total allocated: 1 of 10]
23:20:07.020 [main] DEBUG org.apache.http.impl.execchain.MainClientExec -- Opening connection {s}->https://simple-grocery-store-api.click:443
23:20:07.022 [main] DEBUG org.apache.http.impl.conn.DefaultHttpClientConnectionOperator -- Connecting to simple-grocery-store-api.click/18.161.216.17:443
23:20:07.022 [main] DEBUG org.apache.http.conn.ssl.SSLConnectionSocketFactory -- Connecting socket to simple-grocery-store-api.click/18.161.216.17:443 with timeout 30000
23:20:07.033 [main] DEBUG org.apache.http.conn.ssl.SSLConnectionSocketFactory -- Enabled protocols: [TLSv1.3, TLSv1.2]
23:20:07.033 [main] DEBUG org.apache.http.conn.ssl.SSLConnectionSocketFactory -- Enabled cipher suites:[TLS_AES_256_GCM_SHA384, TLS_AES_128_GCM_SHA256, TLS_CHACHA20_POLY1305_SHA256, TLS_ECDHE_ECDSA_WITH_AES_256_GCM_SHA384, TLS_ECDHE_ECDSA_WITH_AES_128_GCM_SHA256, TLS_ECDHE_ECDSA_WITH_CHACHA20_POLY1305_SHA256, TLS_ECDHE_RSA_WITH_AES_256_GCM_SHA384, TLS_ECDHE_RSA_WITH_CHACHA20_POLY1305_SHA256, TLS_ECDHE_RSA_WITH_AES_128_GCM_SHA256, TLS_DHE_RSA_WITH_AES_256_GCM_SHA384, TLS_DHE_RSA_WITH_CHACHA20_POLY1305_SHA256, TLS_DHE_DSS_WITH_AES_256_GCM_SHA384, TLS_DHE_RSA_WITH_AES_128_GCM_SHA256, TLS_DHE_DSS_WITH_AES_128_GCM_SHA256, TLS_ECDHE_ECDSA_WITH_AES_256_CBC_SHA384, TLS_ECDHE_RSA_WITH_AES_256_CBC_SHA384, TLS_ECDHE_ECDSA_WITH_AES_128_CBC_SHA256, TLS_ECDHE_RSA_WITH_AES_128_CBC_SHA256, TLS_DHE_RSA_WITH_AES_256_CBC_SHA256, TLS_DHE_DSS_WITH_AES_256_CBC_SHA256, TLS_DHE_RSA_WITH_AES_128_CBC_SHA256, TLS_DHE_DSS_WITH_AES_128_CBC_SHA256, TLS_ECDHE_ECDSA_WITH_AES_256_CBC_SHA, TLS_ECDHE_RSA_WITH_AES_256_CBC_SHA, TLS_ECDHE_ECDSA_WITH_AES_128_CBC_SHA, TLS_ECDHE_RSA_WITH_AES_128_CBC_SHA, TLS_DHE_RSA_WITH_AES_256_CBC_SHA, TLS_DHE_DSS_WITH_AES_256_CBC_SHA, TLS_DHE_RSA_WITH_AES_128_CBC_SHA, TLS_DHE_DSS_WITH_AES_128_CBC_SHA, TLS_RSA_WITH_AES_256_GCM_SHA384, TLS_RSA_WITH_AES_128_GCM_SHA256, TLS_RSA_WITH_AES_256_CBC_SHA256, TLS_RSA_WITH_AES_128_CBC_SHA256, TLS_RSA_WITH_AES_256_CBC_SHA, TLS_RSA_WITH_AES_128_CBC_SHA, TLS_EMPTY_RENEGOTIATION_INFO_SCSV]
23:20:07.033 [main] DEBUG org.apache.http.conn.ssl.SSLConnectionSocketFactory -- Starting handshake
23:20:07.059 [main] DEBUG org.apache.http.conn.ssl.SSLConnectionSocketFactory -- Secure session established
23:20:07.059 [main] DEBUG org.apache.http.conn.ssl.SSLConnectionSocketFactory --  negotiated protocol: TLSv1.3
23:20:07.059 [main] DEBUG org.apache.http.conn.ssl.SSLConnectionSocketFactory --  negotiated cipher suite: TLS_AES_128_GCM_SHA256
23:20:07.059 [main] DEBUG org.apache.http.conn.ssl.SSLConnectionSocketFactory --  peer principal: CN=simple-grocery-store-api.click
23:20:07.059 [main] DEBUG org.apache.http.conn.ssl.SSLConnectionSocketFactory --  peer alternative names: [simple-grocery-store-api.click]
23:20:07.059 [main] DEBUG org.apache.http.conn.ssl.SSLConnectionSocketFactory --  issuer principal: CN=Amazon RSA 2048 M02, O=Amazon, C=US
23:20:07.059 [main] DEBUG org.apache.http.impl.conn.DefaultHttpClientConnectionOperator -- Connection established 192.168.1.66:57219<->18.161.216.17:443
23:20:07.059 [main] DEBUG org.apache.http.impl.conn.DefaultManagedHttpClientConnection -- http-outgoing-3: set socket timeout to 30000
23:20:07.059 [main] DEBUG org.apache.http.impl.execchain.MainClientExec -- Executing request GET /products HTTP/1.1
23:20:07.059 [main] DEBUG org.apache.http.impl.execchain.MainClientExec -- Target auth state: UNCHALLENGED
23:20:07.059 [main] DEBUG org.apache.http.impl.execchain.MainClientExec -- Proxy auth state: UNCHALLENGED
23:20:07.059 [main] DEBUG org.apache.http.headers -- http-outgoing-3 >> GET /products HTTP/1.1
23:20:07.059 [main] DEBUG org.apache.http.headers -- http-outgoing-3 >> Content-Type: application/json
23:20:07.059 [main] DEBUG org.apache.http.headers -- http-outgoing-3 >> Host: simple-grocery-store-api.click
23:20:07.059 [main] DEBUG org.apache.http.headers -- http-outgoing-3 >> Connection: Keep-Alive
23:20:07.059 [main] DEBUG org.apache.http.headers -- http-outgoing-3 >> User-Agent: Apache-HttpClient/4.5.14 (Java/21.0.7)
23:20:07.066 [main] DEBUG org.apache.http.headers -- http-outgoing-3 >> Accept-Encoding: gzip,deflate
23:20:07.066 [main] DEBUG org.apache.http.wire -- http-outgoing-3 >> "GET /products HTTP/1.1[\r][\n]"
23:20:07.066 [main] DEBUG org.apache.http.wire -- http-outgoing-3 >> "Content-Type: application/json[\r][\n]"
23:20:07.066 [main] DEBUG org.apache.http.wire -- http-outgoing-3 >> "Host: simple-grocery-store-api.click[\r][\n]"
23:20:07.066 [main] DEBUG org.apache.http.wire -- http-outgoing-3 >> "Connection: Keep-Alive[\r][\n]"
23:20:07.068 [main] DEBUG org.apache.http.wire -- http-outgoing-3 >> "User-Agent: Apache-HttpClient/4.5.14 (Java/21.0.7)[\r][\n]"
23:20:07.068 [main] DEBUG org.apache.http.wire -- http-outgoing-3 >> "Accept-Encoding: gzip,deflate[\r][\n]"
23:20:07.068 [main] DEBUG org.apache.http.wire -- http-outgoing-3 >> "[\r][\n]"
23:20:07.725 [main] DEBUG org.apache.http.wire -- http-outgoing-3 << "HTTP/1.1 200 OK[\r][\n]"
23:20:07.728 [main] DEBUG org.apache.http.wire -- http-outgoing-3 << "Content-Type: application/json[\r][\n]"
23:20:07.728 [main] DEBUG org.apache.http.wire -- http-outgoing-3 << "Content-Length: 1725[\r][\n]"
23:20:07.728 [main] DEBUG org.apache.http.wire -- http-outgoing-3 << "Connection: keep-alive[\r][\n]"
23:20:07.728 [main] DEBUG org.apache.http.wire -- http-outgoing-3 << "Date: Sun, 02 Nov 2025 17:50:07 GMT[\r][\n]"
23:20:07.728 [main] DEBUG org.apache.http.wire -- http-outgoing-3 << "X-Amzn-Trace-Id: Root=1-690799cf-6cdf140c22f5f9a66845b666;Parent=0aa72ab3f9ed16f3;Sampled=0;Lineage=1:9dbbed17:0[\r][\n]"
23:20:07.729 [main] DEBUG org.apache.http.wire -- http-outgoing-3 << "x-amzn-RequestId: dc960862-04b8-40a2-b09a-a692e301ddb0[\r][\n]"
23:20:07.730 [main] DEBUG org.apache.http.wire -- http-outgoing-3 << "Access-Control-Allow-Origin: *[\r][\n]"
23:20:07.730 [main] DEBUG org.apache.http.wire -- http-outgoing-3 << "Access-Control-Allow-Headers: Content-Type,X-Amz-Date,Authorization,X-Api-Key[\r][\n]"
23:20:07.730 [main] DEBUG org.apache.http.wire -- http-outgoing-3 << "x-amz-apigw-id: TbT4hEq1IAMEPyg=[\r][\n]"
23:20:07.730 [main] DEBUG org.apache.http.wire -- http-outgoing-3 << "Access-Control-Allow-Methods: GET,POST,PUT,PATCH,DELETE,OPTIONS[\r][\n]"
23:20:07.730 [main] DEBUG org.apache.http.wire -- http-outgoing-3 << "X-Cache: Miss from cloudfront[\r][\n]"
23:20:07.730 [main] DEBUG org.apache.http.wire -- http-outgoing-3 << "Via: 1.1 570e7526491451bf97ab73c18f44c2f8.cloudfront.net (CloudFront)[\r][\n]"
23:20:07.730 [main] DEBUG org.apache.http.wire -- http-outgoing-3 << "X-Amz-Cf-Pop: BLR50-P2[\r][\n]"
23:20:07.730 [main] DEBUG org.apache.http.wire -- http-outgoing-3 << "X-Amz-Cf-Id: 3dE45j3Kqe3OdvGqEaog0tN2YiwECfo4rVwH37zLT0wDCydlHaI68w==[\r][\n]"
23:20:07.730 [main] DEBUG org.apache.http.wire -- http-outgoing-3 << "[\r][\n]"
23:20:07.730 [main] DEBUG org.apache.http.wire -- http-outgoing-3 << "[{"id":1225,"category":"fresh-produce","name":"1/2 in. Brushless Hammer Drill","inStock":true},{"id":1709,"category":"meat-seafood","name":"Beef Choice Angus Ribeye Steak","inStock":true},{"id":1710,"category":"meat-seafood","name":"Angus Steak Burgers","inStock":true},{"id":2177,"category":"meat-seafood","name":"Cosco Three Step Steel Platform","inStock":true},{"id":2585,"category":"fresh-produce","name":"Green Cabbage Organic","inStock":true},{"id":3486,"category":"bread-bakery","name":"French Bread","inStock":true},{"id":3674,"category":"fresh-produce","name":"20V Max Cordless Drill Combo Kit","inStock":true},{"id":4641,"category":"coffee","name":"Don Francisco Colombia Supremo Medium Roast","inStock":true},{"id":4643,"category":"coffee","name":"Starbucks Coffee Variety Pack, 100% Arabica","inStock":true},{"id":4646,"category":"coffee","name":"Ethical Bean Medium Dark Roast, Espresso","inStock":true},{"id":4875,"category":"bread-bakery","name":"2800 Watt Inverter Generator","inStock":true},{"id":5477,"category":"dairy","name":"Cream Cheese","inStock":true},{"id":5478,"category":"dairy","name":"Low Fat Vanilla Yogurt","inStock":true},{"id":5499,"category":"bread-bakery","name":"Sourdough Bread","inStock":true},{"id":5774,"category":"candy","name":"HERSHEY'S, Milk Chocolate Almond","inStock":true},{"id":5851,"category":"fresh-produce","name":"Cucumber Organic","inStock":false},{"id":6483,"category":"candy","name":"Cadbury Milk Chocolate","inStock":true},{"id":6543,"category":"bread-bakery","name":"Flour Tortillas","inStock":false},{"id":7395,"category":"meat-seafood","name":"Boneless Skinless Chicken Breasts","inStock":true},{"id":8554,"category":"candy","name":"Kinder Joy Eggs","inStock":true}]"
23:20:07.732 [main] DEBUG org.apache.http.headers -- http-outgoing-3 << HTTP/1.1 200 OK
23:20:07.732 [main] DEBUG org.apache.http.headers -- http-outgoing-3 << Content-Type: application/json
23:20:07.734 [main] DEBUG org.apache.http.headers -- http-outgoing-3 << Content-Length: 1725
23:20:07.734 [main] DEBUG org.apache.http.headers -- http-outgoing-3 << Connection: keep-alive
23:20:07.734 [main] DEBUG org.apache.http.headers -- http-outgoing-3 << Date: Sun, 02 Nov 2025 17:50:07 GMT
23:20:07.734 [main] DEBUG org.apache.http.headers -- http-outgoing-3 << X-Amzn-Trace-Id: Root=1-690799cf-6cdf140c22f5f9a66845b666;Parent=0aa72ab3f9ed16f3;Sampled=0;Lineage=1:9dbbed17:0
23:20:07.734 [main] DEBUG org.apache.http.headers -- http-outgoing-3 << x-amzn-RequestId: dc960862-04b8-40a2-b09a-a692e301ddb0
23:20:07.734 [main] DEBUG org.apache.http.headers -- http-outgoing-3 << Access-Control-Allow-Origin: *
23:20:07.734 [main] DEBUG org.apache.http.headers -- http-outgoing-3 << Access-Control-Allow-Headers: Content-Type,X-Amz-Date,Authorization,X-Api-Key
23:20:07.734 [main] DEBUG org.apache.http.headers -- http-outgoing-3 << x-amz-apigw-id: TbT4hEq1IAMEPyg=
23:20:07.734 [main] DEBUG org.apache.http.headers -- http-outgoing-3 << Access-Control-Allow-Methods: GET,POST,PUT,PATCH,DELETE,OPTIONS
23:20:07.734 [main] DEBUG org.apache.http.headers -- http-outgoing-3 << X-Cache: Miss from cloudfront
23:20:07.734 [main] DEBUG org.apache.http.headers -- http-outgoing-3 << Via: 1.1 570e7526491451bf97ab73c18f44c2f8.cloudfront.net (CloudFront)
23:20:07.734 [main] DEBUG org.apache.http.headers -- http-outgoing-3 << X-Amz-Cf-Pop: BLR50-P2
23:20:07.734 [main] DEBUG org.apache.http.headers -- http-outgoing-3 << X-Amz-Cf-Id: 3dE45j3Kqe3OdvGqEaog0tN2YiwECfo4rVwH37zLT0wDCydlHaI68w==
23:20:07.736 [main] DEBUG org.apache.http.impl.execchain.MainClientExec -- Connection can be kept alive indefinitely
23:20:07.736 [main] DEBUG org.apache.http.impl.conn.PoolingHttpClientConnectionManager -- Connection [id: 3][route: {s}->https://simple-grocery-store-api.click:443] can be kept alive indefinitely
23:20:07.736 [main] DEBUG org.apache.http.impl.conn.DefaultManagedHttpClientConnection -- http-outgoing-3: set socket timeout to 0
23:20:07.738 [main] DEBUG org.apache.http.impl.conn.PoolingHttpClientConnectionManager -- Connection released: [id: 3][route: {s}->https://simple-grocery-store-api.click:443][total available: 1; route allocated: 1 of 5; total allocated: 1 of 10]
23:20:07.738 [main] DEBUG org.apache.http.impl.conn.PoolingHttpClientConnectionManager -- Connection manager is shutting down
23:20:07.738 [main] DEBUG org.apache.http.impl.conn.DefaultManagedHttpClientConnection -- http-outgoing-3: Close connection
23:20:07.740 [main] DEBUG org.apache.http.impl.conn.PoolingHttpClientConnectionManager -- Connection manager shut down
23:20:07.740 [main] DEBUG com.intuit.karate -- response time in milliseconds: 720
2 < 200
2 < Content-Type: application/json
2 < Content-Length: 1725
2 < Connection: keep-alive
2 < Date: Sun, 02 Nov 2025 17:50:07 GMT
2 < X-Amzn-Trace-Id: Root=1-690799cf-6cdf140c22f5f9a66845b666;Parent=0aa72ab3f9ed16f3;Sampled=0;Lineage=1:9dbbed17:0
2 < x-amzn-RequestId: dc960862-04b8-40a2-b09a-a692e301ddb0
2 < Access-Control-Allow-Origin: *
2 < Access-Control-Allow-Headers: Content-Type,X-Amz-Date,Authorization,X-Api-Key
2 < x-amz-apigw-id: TbT4hEq1IAMEPyg=
2 < Access-Control-Allow-Methods: GET,POST,PUT,PATCH,DELETE,OPTIONS
2 < X-Cache: Miss from cloudfront
2 < Via: 1.1 570e7526491451bf97ab73c18f44c2f8.cloudfront.net (CloudFront)
2 < X-Amz-Cf-Pop: BLR50-P2
2 < X-Amz-Cf-Id: 3dE45j3Kqe3OdvGqEaog0tN2YiwECfo4rVwH37zLT0wDCydlHaI68w==
[
  {
    "id": 1225,
    "category": "fresh-produce",
    "name": "1/2 in. Brushless Hammer Drill",
    "inStock": true
  },
  {
    "id": 1709,
    "category": "meat-seafood",
    "name": "Beef Choice Angus Ribeye Steak",
    "inStock": true
  },
  {
    "id": 1710,
    "category": "meat-seafood",
    "name": "Angus Steak Burgers",
    "inStock": true
  },
  {
    "id": 2177,
    "category": "meat-seafood",
    "name": "Cosco Three Step Steel Platform",
    "inStock": true
  },
  {
    "id": 2585,
    "category": "fresh-produce",
    "name": "Green Cabbage Organic",
    "inStock": true
  },
  {
    "id": 3486,
    "category": "bread-bakery",
    "name": "French Bread",
    "inStock": true
  },
  {
    "id": 3674,
    "category": "fresh-produce",
    "name": "20V Max Cordless Drill Combo Kit",
    "inStock": true
  },
  {
    "id": 4641,
    "category": "coffee",
    "name": "Don Francisco Colombia Supremo Medium Roast",
    "inStock": true
  },
  {
    "id": 4643,
    "category": "coffee",
    "name": "Starbucks Coffee Variety Pack, 100% Arabica",
    "inStock": true
  },
  {
    "id": 4646,
    "category": "coffee",
    "name": "Ethical Bean Medium Dark Roast, Espresso",
    "inStock": true
  },
  {
    "id": 4875,
    "category": "bread-bakery",
    "name": "2800 Watt Inverter Generator",
    "inStock": true
  },
  {
    "id": 5477,
    "category": "dairy",
    "name": "Cream Cheese",
    "inStock": true
  },
  {
    "id": 5478,
    "category": "dairy",
    "name": "Low Fat Vanilla Yogurt",
    "inStock": true
  },
  {
    "id": 5499,
    "category": "bread-bakery",
    "name": "Sourdough Bread",
    "inStock": true
  },
  {
    "id": 5774,
    "category": "candy",
    "name": "HERSHEY'S, Milk Chocolate Almond",
    "inStock": true
  },
  {
    "id": 5851,
    "category": "fresh-produce",
    "name": "Cucumber Organic",
    "inStock": false
  },
  {
    "id": 6483,
    "category": "candy",
    "name": "Cadbury Milk Chocolate",
    "inStock": true
  },
  {
    "id": 6543,
    "category": "bread-bakery",
    "name": "Flour Tortillas",
    "inStock": false
  },
  {
    "id": 7395,
    "category": "meat-seafood",
    "name": "Boneless Skinless Chicken Breasts",
    "inStock": true
  },
  {
    "id": 8554,
    "category": "candy",
    "name": "Kinder Joy Eggs",
    "inStock": true
  }
]


23:20:07.787 [main] INFO com.intuit.karate -- [print] Stored productId: 1225 
23:20:07.801 [main] ERROR com.intuit.karate -- classpath:Feature/VDespa_API/ProductTestCases.feature:30
* return { productId: productId }
no step-definition method match found for: return { productId: productId }
classpath:Feature/VDespa_API/ProductTestCases.feature:30
]]></system-out>
  </testcase>
  <testcase name="[3:35] Get product details using stored product ID" classname="Feature/VDespa_API/ProductTestCases" time="0.673">
    <failure message="no step-definition method match found for: return { productId: productId }&#10;classpath:Feature/VDespa_API/ProductTestCases.feature:30&#10;classpath:Feature/VDespa_API/ProductTestCases.feature:36" type="org.opentest4j.AssertionFailedError"><![CDATA[org.opentest4j.AssertionFailedError: 
no step-definition method match found for: return { productId: productId }
classpath:Feature/VDespa_API/ProductTestCases.feature:30
classpath:Feature/VDespa_API/ProductTestCases.feature:36
	at com.intuit.karate.junit5.FeatureNode.lambda$next$1(FeatureNode.java:86)
	at java.base/java.util.stream.ForEachOps$ForEachOp$OfRef.accept(ForEachOps.java:184)
	at java.base/java.util.stream.ReferencePipeline$3$1.accept(ReferencePipeline.java:197)
	at java.base/java.util.stream.ReferencePipeline$2$1.accept(ReferencePipeline.java:179)
	at java.base/java.util.stream.ReferencePipeline$3$1.accept(ReferencePipeline.java:197)
	at java.base/java.util.Iterator.forEachRemaining(Iterator.java:133)
	at java.base/java.util.Spliterators$IteratorSpliterator.forEachRemaining(Spliterators.java:1939)
	at java.base/java.util.stream.AbstractPipeline.copyInto(AbstractPipeline.java:509)
	at java.base/java.util.stream.AbstractPipeline.wrapAndCopyInto(AbstractPipeline.java:499)
	at java.base/java.util.stream.ForEachOps$ForEachOp.evaluateSequential(ForEachOps.java:151)
	at java.base/java.util.stream.ForEachOps$ForEachOp$OfRef.evaluateSequential(ForEachOps.java:174)
	at java.base/java.util.stream.AbstractPipeline.evaluate(AbstractPipeline.java:234)
	at java.base/java.util.stream.ReferencePipeline.forEachOrdered(ReferencePipeline.java:601)
	at java.base/java.util.Optional.ifPresent(Optional.java:178)
	at java.base/java.util.ArrayList.forEach(ArrayList.java:1596)
	at java.base/java.util.ArrayList.forEach(ArrayList.java:1596)
]]></failure>
    <system-out><![CDATA[23:20:07.916 [main] DEBUG com.jayway.jsonpath.internal.path.CompiledPath -- Evaluating path: $
23:20:07.964 [main] INFO com.intuit.karate -- >> lock acquired, begin callonce: read('classpath:Feature/VDespa_API/ProductTestCases.feature@GetAllProducts')
23:20:07.970 [main] INFO com.intuit.karate.core.FeatureRuntime -- classpath:Feature/VDespa_API/ProductTestCases.feature - call by tag at line 22: GetAllProducts
23:20:08.002 [main] DEBUG com.jayway.jsonpath.internal.path.CompiledPath -- Evaluating path: $
23:20:08.011 [main] DEBUG org.apache.http.client.protocol.RequestAddCookies -- CookieSpec selected: karate
23:20:08.011 [main] DEBUG org.apache.http.client.protocol.RequestAuthCache -- Auth cache not set in the context
23:20:08.013 [main] DEBUG com.intuit.karate -- request:
1 > GET https://simple-grocery-store-api.glitch.me/products
1 > Content-Type: application/json
1 > Host: simple-grocery-store-api.glitch.me
1 > Connection: Keep-Alive
1 > User-Agent: Apache-HttpClient/4.5.14 (Java/21.0.7)
1 > Accept-Encoding: gzip,deflate


23:20:08.015 [main] DEBUG org.apache.http.impl.conn.PoolingHttpClientConnectionManager -- Connection request: [route: {s}->https://simple-grocery-store-api.glitch.me:443][total available: 0; route allocated: 0 of 5; total allocated: 0 of 10]
23:20:08.020 [main] DEBUG org.apache.http.impl.conn.PoolingHttpClientConnectionManager -- Connection leased: [id: 4][route: {s}->https://simple-grocery-store-api.glitch.me:443][total available: 0; route allocated: 1 of 5; total allocated: 1 of 10]
23:20:08.021 [main] DEBUG org.apache.http.impl.execchain.MainClientExec -- Opening connection {s}->https://simple-grocery-store-api.glitch.me:443
23:20:08.022 [main] DEBUG org.apache.http.impl.conn.DefaultHttpClientConnectionOperator -- Connecting to simple-grocery-store-api.glitch.me/151.101.158.59:443
23:20:08.027 [main] DEBUG org.apache.http.conn.ssl.SSLConnectionSocketFactory -- Connecting socket to simple-grocery-store-api.glitch.me/151.101.158.59:443 with timeout 30000
23:20:08.041 [main] DEBUG org.apache.http.conn.ssl.SSLConnectionSocketFactory -- Enabled protocols: [TLSv1.3, TLSv1.2]
23:20:08.041 [main] DEBUG org.apache.http.conn.ssl.SSLConnectionSocketFactory -- Enabled cipher suites:[TLS_AES_256_GCM_SHA384, TLS_AES_128_GCM_SHA256, TLS_CHACHA20_POLY1305_SHA256, TLS_ECDHE_ECDSA_WITH_AES_256_GCM_SHA384, TLS_ECDHE_ECDSA_WITH_AES_128_GCM_SHA256, TLS_ECDHE_ECDSA_WITH_CHACHA20_POLY1305_SHA256, TLS_ECDHE_RSA_WITH_AES_256_GCM_SHA384, TLS_ECDHE_RSA_WITH_CHACHA20_POLY1305_SHA256, TLS_ECDHE_RSA_WITH_AES_128_GCM_SHA256, TLS_DHE_RSA_WITH_AES_256_GCM_SHA384, TLS_DHE_RSA_WITH_CHACHA20_POLY1305_SHA256, TLS_DHE_DSS_WITH_AES_256_GCM_SHA384, TLS_DHE_RSA_WITH_AES_128_GCM_SHA256, TLS_DHE_DSS_WITH_AES_128_GCM_SHA256, TLS_ECDHE_ECDSA_WITH_AES_256_CBC_SHA384, TLS_ECDHE_RSA_WITH_AES_256_CBC_SHA384, TLS_ECDHE_ECDSA_WITH_AES_128_CBC_SHA256, TLS_ECDHE_RSA_WITH_AES_128_CBC_SHA256, TLS_DHE_RSA_WITH_AES_256_CBC_SHA256, TLS_DHE_DSS_WITH_AES_256_CBC_SHA256, TLS_DHE_RSA_WITH_AES_128_CBC_SHA256, TLS_DHE_DSS_WITH_AES_128_CBC_SHA256, TLS_ECDHE_ECDSA_WITH_AES_256_CBC_SHA, TLS_ECDHE_RSA_WITH_AES_256_CBC_SHA, TLS_ECDHE_ECDSA_WITH_AES_128_CBC_SHA, TLS_ECDHE_RSA_WITH_AES_128_CBC_SHA, TLS_DHE_RSA_WITH_AES_256_CBC_SHA, TLS_DHE_DSS_WITH_AES_256_CBC_SHA, TLS_DHE_RSA_WITH_AES_128_CBC_SHA, TLS_DHE_DSS_WITH_AES_128_CBC_SHA, TLS_RSA_WITH_AES_256_GCM_SHA384, TLS_RSA_WITH_AES_128_GCM_SHA256, TLS_RSA_WITH_AES_256_CBC_SHA256, TLS_RSA_WITH_AES_128_CBC_SHA256, TLS_RSA_WITH_AES_256_CBC_SHA, TLS_RSA_WITH_AES_128_CBC_SHA, TLS_EMPTY_RENEGOTIATION_INFO_SCSV]
23:20:08.041 [main] DEBUG org.apache.http.conn.ssl.SSLConnectionSocketFactory -- Starting handshake
23:20:08.097 [main] DEBUG org.apache.http.conn.ssl.SSLConnectionSocketFactory -- Secure session established
23:20:08.098 [main] DEBUG org.apache.http.conn.ssl.SSLConnectionSocketFactory --  negotiated protocol: TLSv1.3
23:20:08.105 [main] DEBUG org.apache.http.conn.ssl.SSLConnectionSocketFactory --  negotiated cipher suite: TLS_AES_128_GCM_SHA256
23:20:08.106 [main] DEBUG org.apache.http.conn.ssl.SSLConnectionSocketFactory --  peer principal: CN=*.glitch.me
23:20:08.108 [main] DEBUG org.apache.http.conn.ssl.SSLConnectionSocketFactory --  peer alternative names: [*.glitch.me]
23:20:08.110 [main] DEBUG org.apache.http.conn.ssl.SSLConnectionSocketFactory --  issuer principal: CN=Certainly Intermediate R1, O=Certainly, C=US
23:20:08.110 [main] DEBUG org.apache.http.impl.conn.DefaultHttpClientConnectionOperator -- Connection established 192.168.1.66:57220<->151.101.158.59:443
23:20:08.110 [main] DEBUG org.apache.http.impl.conn.DefaultManagedHttpClientConnection -- http-outgoing-4: set socket timeout to 30000
23:20:08.110 [main] DEBUG org.apache.http.impl.execchain.MainClientExec -- Executing request GET /products HTTP/1.1
23:20:08.112 [main] DEBUG org.apache.http.impl.execchain.MainClientExec -- Target auth state: UNCHALLENGED
23:20:08.112 [main] DEBUG org.apache.http.impl.execchain.MainClientExec -- Proxy auth state: UNCHALLENGED
23:20:08.112 [main] DEBUG org.apache.http.headers -- http-outgoing-4 >> GET /products HTTP/1.1
23:20:08.112 [main] DEBUG org.apache.http.headers -- http-outgoing-4 >> Content-Type: application/json
23:20:08.114 [main] DEBUG org.apache.http.headers -- http-outgoing-4 >> Host: simple-grocery-store-api.glitch.me
23:20:08.114 [main] DEBUG org.apache.http.headers -- http-outgoing-4 >> Connection: Keep-Alive
23:20:08.114 [main] DEBUG org.apache.http.headers -- http-outgoing-4 >> User-Agent: Apache-HttpClient/4.5.14 (Java/21.0.7)
23:20:08.114 [main] DEBUG org.apache.http.headers -- http-outgoing-4 >> Accept-Encoding: gzip,deflate
23:20:08.114 [main] DEBUG org.apache.http.wire -- http-outgoing-4 >> "GET /products HTTP/1.1[\r][\n]"
23:20:08.114 [main] DEBUG org.apache.http.wire -- http-outgoing-4 >> "Content-Type: application/json[\r][\n]"
23:20:08.114 [main] DEBUG org.apache.http.wire -- http-outgoing-4 >> "Host: simple-grocery-store-api.glitch.me[\r][\n]"
23:20:08.114 [main] DEBUG org.apache.http.wire -- http-outgoing-4 >> "Connection: Keep-Alive[\r][\n]"
23:20:08.114 [main] DEBUG org.apache.http.wire -- http-outgoing-4 >> "User-Agent: Apache-HttpClient/4.5.14 (Java/21.0.7)[\r][\n]"
23:20:08.114 [main] DEBUG org.apache.http.wire -- http-outgoing-4 >> "Accept-Encoding: gzip,deflate[\r][\n]"
23:20:08.114 [main] DEBUG org.apache.http.wire -- http-outgoing-4 >> "[\r][\n]"
23:20:08.140 [main] DEBUG org.apache.http.wire -- http-outgoing-4 << "HTTP/1.1 308 redirect[\r][\n]"
23:20:08.140 [main] DEBUG org.apache.http.wire -- http-outgoing-4 << "Connection: close[\r][\n]"
23:20:08.140 [main] DEBUG org.apache.http.wire -- http-outgoing-4 << "Content-Length: 0[\r][\n]"
23:20:08.140 [main] DEBUG org.apache.http.wire -- http-outgoing-4 << "Server: Varnish[\r][\n]"
23:20:08.140 [main] DEBUG org.apache.http.wire -- http-outgoing-4 << "Retry-After: 0[\r][\n]"
23:20:08.140 [main] DEBUG org.apache.http.wire -- http-outgoing-4 << "X-Glitch-Project-Name: simple-grocery-store-api[\r][\n]"
23:20:08.142 [main] DEBUG org.apache.http.wire -- http-outgoing-4 << "Access-Control-Allow-Origin: *[\r][\n]"
23:20:08.142 [main] DEBUG org.apache.http.wire -- http-outgoing-4 << "Location: https://simple-grocery-store-api.click/products[\r][\n]"
23:20:08.142 [main] DEBUG org.apache.http.wire -- http-outgoing-4 << "Accept-Ranges: bytes[\r][\n]"
23:20:08.142 [main] DEBUG org.apache.http.wire -- http-outgoing-4 << "Date: Sun, 02 Nov 2025 17:50:08 GMT[\r][\n]"
23:20:08.142 [main] DEBUG org.apache.http.wire -- http-outgoing-4 << "Via: 1.1 varnish[\r][\n]"
23:20:08.142 [main] DEBUG org.apache.http.wire -- http-outgoing-4 << "X-Served-By: cache-maa10245-MAA[\r][\n]"
23:20:08.142 [main] DEBUG org.apache.http.wire -- http-outgoing-4 << "X-Cache: HIT[\r][\n]"
23:20:08.142 [main] DEBUG org.apache.http.wire -- http-outgoing-4 << "X-Cache-Hits: 0[\r][\n]"
23:20:08.142 [main] DEBUG org.apache.http.wire -- http-outgoing-4 << "X-Timer: S1762105808.249188,VS0,VE0[\r][\n]"
23:20:08.142 [main] DEBUG org.apache.http.wire -- http-outgoing-4 << "[\r][\n]"
23:20:08.144 [main] DEBUG org.apache.http.headers -- http-outgoing-4 << HTTP/1.1 308 redirect
23:20:08.144 [main] DEBUG org.apache.http.headers -- http-outgoing-4 << Connection: close
23:20:08.144 [main] DEBUG org.apache.http.headers -- http-outgoing-4 << Content-Length: 0
23:20:08.144 [main] DEBUG org.apache.http.headers -- http-outgoing-4 << Server: Varnish
23:20:08.144 [main] DEBUG org.apache.http.headers -- http-outgoing-4 << Retry-After: 0
23:20:08.146 [main] DEBUG org.apache.http.headers -- http-outgoing-4 << X-Glitch-Project-Name: simple-grocery-store-api
23:20:08.146 [main] DEBUG org.apache.http.headers -- http-outgoing-4 << Access-Control-Allow-Origin: *
23:20:08.146 [main] DEBUG org.apache.http.headers -- http-outgoing-4 << Location: https://simple-grocery-store-api.click/products
23:20:08.146 [main] DEBUG org.apache.http.headers -- http-outgoing-4 << Accept-Ranges: bytes
23:20:08.146 [main] DEBUG org.apache.http.headers -- http-outgoing-4 << Date: Sun, 02 Nov 2025 17:50:08 GMT
23:20:08.146 [main] DEBUG org.apache.http.headers -- http-outgoing-4 << Via: 1.1 varnish
23:20:08.146 [main] DEBUG org.apache.http.headers -- http-outgoing-4 << X-Served-By: cache-maa10245-MAA
23:20:08.146 [main] DEBUG org.apache.http.headers -- http-outgoing-4 << X-Cache: HIT
23:20:08.146 [main] DEBUG org.apache.http.headers -- http-outgoing-4 << X-Cache-Hits: 0
23:20:08.146 [main] DEBUG org.apache.http.headers -- http-outgoing-4 << X-Timer: S1762105808.249188,VS0,VE0
23:20:08.146 [main] DEBUG org.apache.http.impl.conn.DefaultManagedHttpClientConnection -- http-outgoing-4: Close connection
23:20:08.152 [main] DEBUG org.apache.http.impl.execchain.MainClientExec -- Connection discarded
23:20:08.154 [main] DEBUG org.apache.http.impl.conn.PoolingHttpClientConnectionManager -- Connection released: [id: 4][route: {s}->https://simple-grocery-store-api.glitch.me:443][total available: 0; route allocated: 0 of 5; total allocated: 0 of 10]
23:20:08.155 [main] DEBUG org.apache.http.impl.client.LaxRedirectStrategy -- Redirect requested to location 'https://simple-grocery-store-api.click/products'
23:20:08.155 [main] DEBUG org.apache.http.impl.execchain.RedirectExec -- Resetting target auth state
23:20:08.160 [main] DEBUG org.apache.http.impl.execchain.RedirectExec -- Redirecting to 'https://simple-grocery-store-api.click/products' via {s}->https://simple-grocery-store-api.click:443
23:20:08.162 [main] DEBUG org.apache.http.client.protocol.RequestAddCookies -- CookieSpec selected: karate
23:20:08.162 [main] DEBUG org.apache.http.client.protocol.RequestAuthCache -- Auth cache not set in the context
23:20:08.162 [main] DEBUG com.intuit.karate -- request:
2 > GET https://simple-grocery-store-api.glitch.me/products
2 > Content-Type: application/json
2 > Host: simple-grocery-store-api.click
2 > Connection: Keep-Alive
2 > User-Agent: Apache-HttpClient/4.5.14 (Java/21.0.7)
2 > Accept-Encoding: gzip,deflate


23:20:08.166 [main] DEBUG org.apache.http.impl.conn.PoolingHttpClientConnectionManager -- Connection request: [route: {s}->https://simple-grocery-store-api.click:443][total available: 0; route allocated: 0 of 5; total allocated: 0 of 10]
23:20:08.166 [main] DEBUG org.apache.http.impl.conn.PoolingHttpClientConnectionManager -- Connection leased: [id: 5][route: {s}->https://simple-grocery-store-api.click:443][total available: 0; route allocated: 1 of 5; total allocated: 1 of 10]
23:20:08.168 [main] DEBUG org.apache.http.impl.execchain.MainClientExec -- Opening connection {s}->https://simple-grocery-store-api.click:443
23:20:08.169 [main] DEBUG org.apache.http.impl.conn.DefaultHttpClientConnectionOperator -- Connecting to simple-grocery-store-api.click/18.161.216.17:443
23:20:08.172 [main] DEBUG org.apache.http.conn.ssl.SSLConnectionSocketFactory -- Connecting socket to simple-grocery-store-api.click/18.161.216.17:443 with timeout 30000
23:20:08.189 [main] DEBUG org.apache.http.conn.ssl.SSLConnectionSocketFactory -- Enabled protocols: [TLSv1.3, TLSv1.2]
23:20:08.191 [main] DEBUG org.apache.http.conn.ssl.SSLConnectionSocketFactory -- Enabled cipher suites:[TLS_AES_256_GCM_SHA384, TLS_AES_128_GCM_SHA256, TLS_CHACHA20_POLY1305_SHA256, TLS_ECDHE_ECDSA_WITH_AES_256_GCM_SHA384, TLS_ECDHE_ECDSA_WITH_AES_128_GCM_SHA256, TLS_ECDHE_ECDSA_WITH_CHACHA20_POLY1305_SHA256, TLS_ECDHE_RSA_WITH_AES_256_GCM_SHA384, TLS_ECDHE_RSA_WITH_CHACHA20_POLY1305_SHA256, TLS_ECDHE_RSA_WITH_AES_128_GCM_SHA256, TLS_DHE_RSA_WITH_AES_256_GCM_SHA384, TLS_DHE_RSA_WITH_CHACHA20_POLY1305_SHA256, TLS_DHE_DSS_WITH_AES_256_GCM_SHA384, TLS_DHE_RSA_WITH_AES_128_GCM_SHA256, TLS_DHE_DSS_WITH_AES_128_GCM_SHA256, TLS_ECDHE_ECDSA_WITH_AES_256_CBC_SHA384, TLS_ECDHE_RSA_WITH_AES_256_CBC_SHA384, TLS_ECDHE_ECDSA_WITH_AES_128_CBC_SHA256, TLS_ECDHE_RSA_WITH_AES_128_CBC_SHA256, TLS_DHE_RSA_WITH_AES_256_CBC_SHA256, TLS_DHE_DSS_WITH_AES_256_CBC_SHA256, TLS_DHE_RSA_WITH_AES_128_CBC_SHA256, TLS_DHE_DSS_WITH_AES_128_CBC_SHA256, TLS_ECDHE_ECDSA_WITH_AES_256_CBC_SHA, TLS_ECDHE_RSA_WITH_AES_256_CBC_SHA, TLS_ECDHE_ECDSA_WITH_AES_128_CBC_SHA, TLS_ECDHE_RSA_WITH_AES_128_CBC_SHA, TLS_DHE_RSA_WITH_AES_256_CBC_SHA, TLS_DHE_DSS_WITH_AES_256_CBC_SHA, TLS_DHE_RSA_WITH_AES_128_CBC_SHA, TLS_DHE_DSS_WITH_AES_128_CBC_SHA, TLS_RSA_WITH_AES_256_GCM_SHA384, TLS_RSA_WITH_AES_128_GCM_SHA256, TLS_RSA_WITH_AES_256_CBC_SHA256, TLS_RSA_WITH_AES_128_CBC_SHA256, TLS_RSA_WITH_AES_256_CBC_SHA, TLS_RSA_WITH_AES_128_CBC_SHA, TLS_EMPTY_RENEGOTIATION_INFO_SCSV]
23:20:08.191 [main] DEBUG org.apache.http.conn.ssl.SSLConnectionSocketFactory -- Starting handshake
23:20:08.244 [main] DEBUG org.apache.http.conn.ssl.SSLConnectionSocketFactory -- Secure session established
23:20:08.244 [main] DEBUG org.apache.http.conn.ssl.SSLConnectionSocketFactory --  negotiated protocol: TLSv1.3
23:20:08.246 [main] DEBUG org.apache.http.conn.ssl.SSLConnectionSocketFactory --  negotiated cipher suite: TLS_AES_128_GCM_SHA256
23:20:08.246 [main] DEBUG org.apache.http.conn.ssl.SSLConnectionSocketFactory --  peer principal: CN=simple-grocery-store-api.click
23:20:08.246 [main] DEBUG org.apache.http.conn.ssl.SSLConnectionSocketFactory --  peer alternative names: [simple-grocery-store-api.click]
23:20:08.246 [main] DEBUG org.apache.http.conn.ssl.SSLConnectionSocketFactory --  issuer principal: CN=Amazon RSA 2048 M02, O=Amazon, C=US
23:20:08.246 [main] DEBUG org.apache.http.impl.conn.DefaultHttpClientConnectionOperator -- Connection established 192.168.1.66:57221<->18.161.216.17:443
23:20:08.246 [main] DEBUG org.apache.http.impl.conn.DefaultManagedHttpClientConnection -- http-outgoing-5: set socket timeout to 30000
23:20:08.246 [main] DEBUG org.apache.http.impl.execchain.MainClientExec -- Executing request GET /products HTTP/1.1
23:20:08.248 [main] DEBUG org.apache.http.impl.execchain.MainClientExec -- Target auth state: UNCHALLENGED
23:20:08.248 [main] DEBUG org.apache.http.impl.execchain.MainClientExec -- Proxy auth state: UNCHALLENGED
23:20:08.248 [main] DEBUG org.apache.http.headers -- http-outgoing-5 >> GET /products HTTP/1.1
23:20:08.248 [main] DEBUG org.apache.http.headers -- http-outgoing-5 >> Content-Type: application/json
23:20:08.248 [main] DEBUG org.apache.http.headers -- http-outgoing-5 >> Host: simple-grocery-store-api.click
23:20:08.248 [main] DEBUG org.apache.http.headers -- http-outgoing-5 >> Connection: Keep-Alive
23:20:08.250 [main] DEBUG org.apache.http.headers -- http-outgoing-5 >> User-Agent: Apache-HttpClient/4.5.14 (Java/21.0.7)
23:20:08.250 [main] DEBUG org.apache.http.headers -- http-outgoing-5 >> Accept-Encoding: gzip,deflate
23:20:08.250 [main] DEBUG org.apache.http.wire -- http-outgoing-5 >> "GET /products HTTP/1.1[\r][\n]"
23:20:08.250 [main] DEBUG org.apache.http.wire -- http-outgoing-5 >> "Content-Type: application/json[\r][\n]"
23:20:08.250 [main] DEBUG org.apache.http.wire -- http-outgoing-5 >> "Host: simple-grocery-store-api.click[\r][\n]"
23:20:08.250 [main] DEBUG org.apache.http.wire -- http-outgoing-5 >> "Connection: Keep-Alive[\r][\n]"
23:20:08.250 [main] DEBUG org.apache.http.wire -- http-outgoing-5 >> "User-Agent: Apache-HttpClient/4.5.14 (Java/21.0.7)[\r][\n]"
23:20:08.252 [main] DEBUG org.apache.http.wire -- http-outgoing-5 >> "Accept-Encoding: gzip,deflate[\r][\n]"
23:20:08.252 [main] DEBUG org.apache.http.wire -- http-outgoing-5 >> "[\r][\n]"
23:20:08.500 [main] DEBUG org.apache.http.wire -- http-outgoing-5 << "HTTP/1.1 200 OK[\r][\n]"
23:20:08.502 [main] DEBUG org.apache.http.wire -- http-outgoing-5 << "Content-Type: application/json[\r][\n]"
23:20:08.502 [main] DEBUG org.apache.http.wire -- http-outgoing-5 << "Content-Length: 1725[\r][\n]"
23:20:08.502 [main] DEBUG org.apache.http.wire -- http-outgoing-5 << "Connection: keep-alive[\r][\n]"
23:20:08.502 [main] DEBUG org.apache.http.wire -- http-outgoing-5 << "Date: Sun, 02 Nov 2025 17:50:08 GMT[\r][\n]"
23:20:08.502 [main] DEBUG org.apache.http.wire -- http-outgoing-5 << "X-Amzn-Trace-Id: Root=1-690799d0-415906d345f6da5b0d7a9791;Parent=77ec3d85f5c72ce1;Sampled=0;Lineage=1:9dbbed17:0[\r][\n]"
23:20:08.502 [main] DEBUG org.apache.http.wire -- http-outgoing-5 << "x-amzn-RequestId: d9f84495-71f0-4e14-875a-d08086eea71f[\r][\n]"
23:20:08.502 [main] DEBUG org.apache.http.wire -- http-outgoing-5 << "Access-Control-Allow-Origin: *[\r][\n]"
23:20:08.502 [main] DEBUG org.apache.http.wire -- http-outgoing-5 << "Access-Control-Allow-Headers: Content-Type,X-Amz-Date,Authorization,X-Api-Key[\r][\n]"
23:20:08.502 [main] DEBUG org.apache.http.wire -- http-outgoing-5 << "x-amz-apigw-id: TbT4oGi6oAMEp6w=[\r][\n]"
23:20:08.502 [main] DEBUG org.apache.http.wire -- http-outgoing-5 << "Access-Control-Allow-Methods: GET,POST,PUT,PATCH,DELETE,OPTIONS[\r][\n]"
23:20:08.502 [main] DEBUG org.apache.http.wire -- http-outgoing-5 << "X-Cache: Miss from cloudfront[\r][\n]"
23:20:08.502 [main] DEBUG org.apache.http.wire -- http-outgoing-5 << "Via: 1.1 59baab5614e00db5a64b40f14a9fffee.cloudfront.net (CloudFront)[\r][\n]"
23:20:08.502 [main] DEBUG org.apache.http.wire -- http-outgoing-5 << "X-Amz-Cf-Pop: BLR50-P2[\r][\n]"
23:20:08.502 [main] DEBUG org.apache.http.wire -- http-outgoing-5 << "X-Amz-Cf-Id: QTclqDdKAxDWfIJJu1Abw9FdgwnLTmkApV9N02flFtuV619LVTuFeg==[\r][\n]"
23:20:08.504 [main] DEBUG org.apache.http.wire -- http-outgoing-5 << "[\r][\n]"
23:20:08.504 [main] DEBUG org.apache.http.wire -- http-outgoing-5 << "[{"id":1225,"category":"fresh-produce","name":"1/2 in. Brushless Hammer Drill","inStock":true},{"id":1709,"category":"meat-seafood","name":"Beef Choice Angus Ribeye Steak","inStock":true},{"id":1710,"category":"meat-seafood","name":"Angus Steak Burgers","inStock":true},{"id":2177,"category":"meat-seafood","name":"Cosco Three Step Steel Platform","inStock":true},{"id":2585,"category":"fresh-produce","name":"Green Cabbage Organic","inStock":true},{"id":3486,"category":"bread-bakery","name":"French Bread","inStock":true},{"id":3674,"category":"fresh-produce","name":"20V Max Cordless Drill Combo Kit","inStock":true},{"id":4641,"category":"coffee","name":"Don Francisco Colombia Supremo Medium Roast","inStock":true},{"id":4643,"category":"coffee","name":"Starbucks Coffee Variety Pack, 100% Arabica","inStock":true},{"id":4646,"category":"coffee","name":"Ethical Bean Medium Dark Roast, Espresso","inStock":true},{"id":4875,"category":"bread-bakery","name":"2800 Watt Inverter Generator","inStock":true},{"id":5477,"category":"dairy","name":"Cream Cheese","inStock":true},{"id":5478,"category":"dairy","name":"Low Fat Vanilla Yogurt","inStock":true},{"id":5499,"category":"bread-bakery","name":"Sourdough Bread","inStock":true},{"id":5774,"category":"candy","name":"HERSHEY'S, Milk Chocolate Almond","inStock":true},{"id":5851,"category":"fresh-produce","name":"Cucumber Organic","inStock":false},{"id":6483,"category":"candy","name":"Cadbury Milk Chocolate","inStock":true},{"id":6543,"category":"bread-bakery","name":"Flour Tortillas","inStock":false},{"id":7395,"category":"meat-seafood","name":"Boneless Skinless Chicken Breasts","inStock":true},{"id":8554,"category":"candy","name":"Kinder Joy Eggs","inStock":true}]"
23:20:08.505 [main] DEBUG org.apache.http.headers -- http-outgoing-5 << HTTP/1.1 200 OK
23:20:08.505 [main] DEBUG org.apache.http.headers -- http-outgoing-5 << Content-Type: application/json
23:20:08.505 [main] DEBUG org.apache.http.headers -- http-outgoing-5 << Content-Length: 1725
23:20:08.505 [main] DEBUG org.apache.http.headers -- http-outgoing-5 << Connection: keep-alive
23:20:08.505 [main] DEBUG org.apache.http.headers -- http-outgoing-5 << Date: Sun, 02 Nov 2025 17:50:08 GMT
23:20:08.505 [main] DEBUG org.apache.http.headers -- http-outgoing-5 << X-Amzn-Trace-Id: Root=1-690799d0-415906d345f6da5b0d7a9791;Parent=77ec3d85f5c72ce1;Sampled=0;Lineage=1:9dbbed17:0
23:20:08.505 [main] DEBUG org.apache.http.headers -- http-outgoing-5 << x-amzn-RequestId: d9f84495-71f0-4e14-875a-d08086eea71f
23:20:08.505 [main] DEBUG org.apache.http.headers -- http-outgoing-5 << Access-Control-Allow-Origin: *
23:20:08.505 [main] DEBUG org.apache.http.headers -- http-outgoing-5 << Access-Control-Allow-Headers: Content-Type,X-Amz-Date,Authorization,X-Api-Key
23:20:08.505 [main] DEBUG org.apache.http.headers -- http-outgoing-5 << x-amz-apigw-id: TbT4oGi6oAMEp6w=
23:20:08.505 [main] DEBUG org.apache.http.headers -- http-outgoing-5 << Access-Control-Allow-Methods: GET,POST,PUT,PATCH,DELETE,OPTIONS
23:20:08.505 [main] DEBUG org.apache.http.headers -- http-outgoing-5 << X-Cache: Miss from cloudfront
23:20:08.505 [main] DEBUG org.apache.http.headers -- http-outgoing-5 << Via: 1.1 59baab5614e00db5a64b40f14a9fffee.cloudfront.net (CloudFront)
23:20:08.505 [main] DEBUG org.apache.http.headers -- http-outgoing-5 << X-Amz-Cf-Pop: BLR50-P2
23:20:08.507 [main] DEBUG org.apache.http.headers -- http-outgoing-5 << X-Amz-Cf-Id: QTclqDdKAxDWfIJJu1Abw9FdgwnLTmkApV9N02flFtuV619LVTuFeg==
23:20:08.507 [main] DEBUG org.apache.http.impl.execchain.MainClientExec -- Connection can be kept alive indefinitely
23:20:08.507 [main] DEBUG org.apache.http.impl.conn.PoolingHttpClientConnectionManager -- Connection [id: 5][route: {s}->https://simple-grocery-store-api.click:443] can be kept alive indefinitely
23:20:08.507 [main] DEBUG org.apache.http.impl.conn.DefaultManagedHttpClientConnection -- http-outgoing-5: set socket timeout to 0
23:20:08.507 [main] DEBUG org.apache.http.impl.conn.PoolingHttpClientConnectionManager -- Connection released: [id: 5][route: {s}->https://simple-grocery-store-api.click:443][total available: 1; route allocated: 1 of 5; total allocated: 1 of 10]
23:20:08.507 [main] DEBUG org.apache.http.impl.conn.PoolingHttpClientConnectionManager -- Connection manager is shutting down
23:20:08.507 [main] DEBUG org.apache.http.impl.conn.DefaultManagedHttpClientConnection -- http-outgoing-5: Close connection
23:20:08.510 [main] DEBUG org.apache.http.impl.conn.PoolingHttpClientConnectionManager -- Connection manager shut down
23:20:08.512 [main] DEBUG com.intuit.karate -- response time in milliseconds: 341
2 < 200
2 < Content-Type: application/json
2 < Content-Length: 1725
2 < Connection: keep-alive
2 < Date: Sun, 02 Nov 2025 17:50:08 GMT
2 < X-Amzn-Trace-Id: Root=1-690799d0-415906d345f6da5b0d7a9791;Parent=77ec3d85f5c72ce1;Sampled=0;Lineage=1:9dbbed17:0
2 < x-amzn-RequestId: d9f84495-71f0-4e14-875a-d08086eea71f
2 < Access-Control-Allow-Origin: *
2 < Access-Control-Allow-Headers: Content-Type,X-Amz-Date,Authorization,X-Api-Key
2 < x-amz-apigw-id: TbT4oGi6oAMEp6w=
2 < Access-Control-Allow-Methods: GET,POST,PUT,PATCH,DELETE,OPTIONS
2 < X-Cache: Miss from cloudfront
2 < Via: 1.1 59baab5614e00db5a64b40f14a9fffee.cloudfront.net (CloudFront)
2 < X-Amz-Cf-Pop: BLR50-P2
2 < X-Amz-Cf-Id: QTclqDdKAxDWfIJJu1Abw9FdgwnLTmkApV9N02flFtuV619LVTuFeg==
[
  {
    "id": 1225,
    "category": "fresh-produce",
    "name": "1/2 in. Brushless Hammer Drill",
    "inStock": true
  },
  {
    "id": 1709,
    "category": "meat-seafood",
    "name": "Beef Choice Angus Ribeye Steak",
    "inStock": true
  },
  {
    "id": 1710,
    "category": "meat-seafood",
    "name": "Angus Steak Burgers",
    "inStock": true
  },
  {
    "id": 2177,
    "category": "meat-seafood",
    "name": "Cosco Three Step Steel Platform",
    "inStock": true
  },
  {
    "id": 2585,
    "category": "fresh-produce",
    "name": "Green Cabbage Organic",
    "inStock": true
  },
  {
    "id": 3486,
    "category": "bread-bakery",
    "name": "French Bread",
    "inStock": true
  },
  {
    "id": 3674,
    "category": "fresh-produce",
    "name": "20V Max Cordless Drill Combo Kit",
    "inStock": true
  },
  {
    "id": 4641,
    "category": "coffee",
    "name": "Don Francisco Colombia Supremo Medium Roast",
    "inStock": true
  },
  {
    "id": 4643,
    "category": "coffee",
    "name": "Starbucks Coffee Variety Pack, 100% Arabica",
    "inStock": true
  },
  {
    "id": 4646,
    "category": "coffee",
    "name": "Ethical Bean Medium Dark Roast, Espresso",
    "inStock": true
  },
  {
    "id": 4875,
    "category": "bread-bakery",
    "name": "2800 Watt Inverter Generator",
    "inStock": true
  },
  {
    "id": 5477,
    "category": "dairy",
    "name": "Cream Cheese",
    "inStock": true
  },
  {
    "id": 5478,
    "category": "dairy",
    "name": "Low Fat Vanilla Yogurt",
    "inStock": true
  },
  {
    "id": 5499,
    "category": "bread-bakery",
    "name": "Sourdough Bread",
    "inStock": true
  },
  {
    "id": 5774,
    "category": "candy",
    "name": "HERSHEY'S, Milk Chocolate Almond",
    "inStock": true
  },
  {
    "id": 5851,
    "category": "fresh-produce",
    "name": "Cucumber Organic",
    "inStock": false
  },
  {
    "id": 6483,
    "category": "candy",
    "name": "Cadbury Milk Chocolate",
    "inStock": true
  },
  {
    "id": 6543,
    "category": "bread-bakery",
    "name": "Flour Tortillas",
    "inStock": false
  },
  {
    "id": 7395,
    "category": "meat-seafood",
    "name": "Boneless Skinless Chicken Breasts",
    "inStock": true
  },
  {
    "id": 8554,
    "category": "candy",
    "name": "Kinder Joy Eggs",
    "inStock": true
  }
]


23:20:08.521 [main] INFO com.intuit.karate -- [print] Stored productId: 1225 
23:20:08.521 [main] ERROR com.intuit.karate -- classpath:Feature/VDespa_API/ProductTestCases.feature:30
* return { productId: productId }
no step-definition method match found for: return { productId: productId }
classpath:Feature/VDespa_API/ProductTestCases.feature:30
23:20:08.530 [main] ERROR com.intuit.karate -- classpath:Feature/VDespa_API/ProductTestCases.feature:36
* def result = callonce read('classpath:Feature/VDespa_API/ProductTestCases.feature@GetAllProducts')
no step-definition method match found for: return { productId: productId }
classpath:Feature/VDespa_API/ProductTestCases.feature:30
classpath:Feature/VDespa_API/ProductTestCases.feature:36
]]></system-out>
  </testcase>
  <testcase name="[4:48] Get product by invalid ID" classname="Feature/VDespa_API/ProductTestCases" time="0.838">
    <system-out><![CDATA[23:20:08.578 [main] DEBUG com.jayway.jsonpath.internal.path.CompiledPath -- Evaluating path: $
23:20:08.580 [main] DEBUG org.apache.http.client.protocol.RequestAddCookies -- CookieSpec selected: karate
23:20:08.580 [main] DEBUG org.apache.http.client.protocol.RequestAuthCache -- Auth cache not set in the context
23:20:08.580 [main] DEBUG com.intuit.karate -- request:
1 > GET https://simple-grocery-store-api.glitch.me/products/999999
1 > Content-Type: application/json
1 > Host: simple-grocery-store-api.glitch.me
1 > Connection: Keep-Alive
1 > User-Agent: Apache-HttpClient/4.5.14 (Java/21.0.7)
[...]
[THYMELEAF]             * [* {th:draggable,data-th-draggable}] [1000]: org.thymeleaf.standard.processor.StandardRemovableAttributeTagProcessor
[THYMELEAF]             * [* {th:cellspacing,data-th-cellspacing}] [1000]: org.thymeleaf.standard.processor.StandardRemovableAttributeTagProcessor
[THYMELEAF]             * [* {th:rel,data-th-rel}] [1000]: org.thymeleaf.standard.processor.StandardRemovableAttributeTagProcessor
[THYMELEAF]             * [* {th:autocomplete,data-th-autocomplete}] [1000]: org.thymeleaf.standard.processor.StandardRemovableAttributeTagProcessor
[THYMELEAF]             * [* {th:colspan,data-th-colspan}] [1000]: org.thymeleaf.standard.processor.StandardRemovableAttributeTagProcessor
[THYMELEAF]             * [* {th:title,data-th-title}] [1000]: org.thymeleaf.standard.processor.StandardRemovableAttributeTagProcessor
[THYMELEAF]             * [* {th:id,data-th-id}] [1000]: org.thymeleaf.standard.processor.StandardRemovableAttributeTagProcessor
[THYMELEAF]             * [* {th:archive,data-th-archive}] [1000]: org.thymeleaf.standard.processor.StandardRemovableAttributeTagProcessor
[THYMELEAF]             * [* {th:style,data-th-style}] [1000]: org.thymeleaf.standard.processor.StandardRemovableAttributeTagProcessor
[THYMELEAF]             * [* {th:cite,data-th-cite}] [1000]: org.thymeleaf.standard.processor.StandardRemovableAttributeTagProcessor
[THYMELEAF]             * [* {th:min,data-th-min}] [1000]: org.thymeleaf.standard.processor.StandardRemovableAttributeTagProcessor
[THYMELEAF]             * [* {th:sizes,data-th-sizes}] [1000]: org.thymeleaf.standard.processor.StandardRemovableAttributeTagProcessor
[THYMELEAF]             * [* {th:sandbox,data-th-sandbox}] [1000]: org.thymeleaf.standard.processor.StandardRemovableAttributeTagProcessor
[THYMELEAF]             * [* {th:background,data-th-background}] [1000]: org.thymeleaf.standard.processor.StandardRemovableAttributeTagProcessor
[THYMELEAF]             * [* {th:step,data-th-step}] [1000]: org.thymeleaf.standard.processor.StandardRemovableAttributeTagProcessor
[THYMELEAF]             * [* {th:scrolling,data-th-scrolling}] [1000]: org.thymeleaf.standard.processor.StandardRemovableAttributeTagProcessor
[THYMELEAF]             * [* {th:accept,data-th-accept}] [1000]: org.thymeleaf.standard.processor.StandardRemovableAttributeTagProcessor
[THYMELEAF]             * [* {th:wrap,data-th-wrap}] [1000]: org.thymeleaf.standard.processor.StandardRemovableAttributeTagProcessor
[THYMELEAF]             * [* {th:border,data-th-border}] [1000]: org.thymeleaf.standard.processor.StandardRemovableAttributeTagProcessor
[THYMELEAF]             * [* {th:formmethod,data-th-formmethod}] [1000]: org.thymeleaf.standard.processor.StandardRemovableAttributeTagProcessor
[THYMELEAF]             * [* {th:hreflang,data-th-hreflang}] [1000]: org.thymeleaf.standard.processor.StandardRemovableAttributeTagProcessor
[THYMELEAF]             * [* {th:class,data-th-class}] [1000]: org.thymeleaf.standard.processor.StandardRemovableAttributeTagProcessor
[THYMELEAF]             * [* {th:headers,data-th-headers}] [1000]: org.thymeleaf.standard.processor.StandardRemovableAttributeTagProcessor
[THYMELEAF]             * [* {th:usemap,data-th-usemap}] [1000]: org.thymeleaf.standard.processor.StandardRemovableAttributeTagProcessor
[THYMELEAF]             * [* {th:pattern,data-th-pattern}] [1000]: org.thymeleaf.standard.processor.StandardRemovableAttributeTagProcessor
[THYMELEAF]             * [* {th:tabindex,data-th-tabindex}] [1000]: org.thymeleaf.standard.processor.StandardRemovableAttributeTagProcessor
[THYMELEAF]             * [* {th:challenge,data-th-challenge}] [1000]: org.thymeleaf.standard.processor.StandardRemovableAttributeTagProcessor
[THYMELEAF]             * [* {th:list,data-th-list}] [1000]: org.thymeleaf.standard.processor.StandardRemovableAttributeTagProcessor
[THYMELEAF]             * [* {th:hspace,data-th-hspace}] [1000]: org.thymeleaf.standard.processor.StandardRemovableAttributeTagProcessor
[THYMELEAF]             * [* {th:longdesc,data-th-longdesc}] [1000]: org.thymeleaf.standard.processor.StandardRemovableAttributeTagProcessor
[THYMELEAF]             * [* {th:audio,data-th-audio}] [1000]: org.thymeleaf.standard.processor.StandardRemovableAttributeTagProcessor
[THYMELEAF]             * [* {th:form,data-th-form}] [1000]: org.thymeleaf.standard.processor.StandardRemovableAttributeTagProcessor
[THYMELEAF]             * [* {th:poster,data-th-poster}] [1000]: org.thymeleaf.standard.processor.StandardRemovableAttributeTagProcessor
[THYMELEAF]             * [* {th:formtarget,data-th-formtarget}] [1000]: org.thymeleaf.standard.processor.StandardRemovableAttributeTagProcessor
[THYMELEAF]             * [* {th:radiogroup,data-th-radiogroup}] [1000]: org.thymeleaf.standard.processor.StandardRemovableAttributeTagProcessor
[THYMELEAF]             * [* {th:kind,data-th-kind}] [1000]: org.thymeleaf.standard.processor.StandardRemovableAttributeTagProcessor
[THYMELEAF]             * [* {th:bgcolor,data-th-bgcolor}] [1000]: org.thymeleaf.standard.processor.StandardRemovableAttributeTagProcessor
[THYMELEAF]             * [* {th:accept-charset,data-th-accept-charset}] [1000]: org.thymeleaf.standard.processor.StandardRemovableAttributeTagProcessor
[THYMELEAF]             * [* {th:scheme,data-th-scheme}] [1000]: org.thymeleaf.standard.processor.StandardRemovableAttributeTagProcessor
[THYMELEAF]             * [* {th:src,data-th-src}] [1000]: org.thymeleaf.standard.processor.StandardSrcTagProcessor
[THYMELEAF]             * [* {th:value,data-th-value}] [1000]: org.thymeleaf.standard.processor.StandardValueTagProcessor
[THYMELEAF]             * [* {th:xmlbase,data-th-xmlbase}] [1000]: org.thymeleaf.standard.processor.StandardXmlBaseTagProcessor
[THYMELEAF]             * [* {th:xmllang,data-th-xmllang}] [1000]: org.thymeleaf.standard.processor.StandardXmlLangTagProcessor
[THYMELEAF]             * [* {xmlns:th}] [1000]: org.thymeleaf.standard.processor.StandardXmlNsTagProcessor
[THYMELEAF]             * [* {th:xmlspace,data-th-xmlspace}] [1000]: org.thymeleaf.standard.processor.StandardXmlSpaceTagProcessor
[THYMELEAF]             * [* {th:classappend,data-th-classappend}] [1100]: org.thymeleaf.standard.processor.StandardClassappendTagProcessor
[THYMELEAF]             * [* {th:styleappend,data-th-styleappend}] [1100]: org.thymeleaf.standard.processor.StandardStyleappendTagProcessor
[THYMELEAF]             * [* {th:text,data-th-text}] [1300]: org.thymeleaf.standard.processor.StandardTextTagProcessor
[THYMELEAF]             * [* {th:utext,data-th-utext}] [1400]: org.thymeleaf.standard.processor.StandardUtextTagProcessor
[THYMELEAF]             * [* {th:fragment,data-th-fragment}] [1500]: org.thymeleaf.standard.processor.StandardFragmentTagProcessor
[THYMELEAF]             * [* {th:assert,data-th-assert}] [1550]: org.thymeleaf.standard.processor.StandardAssertTagProcessor
[THYMELEAF]             * [* {th:remove,data-th-remove}] [1600]: org.thymeleaf.standard.processor.StandardRemoveTagProcessor
[THYMELEAF]             * [* {th:ref,data-th-ref}] [10000]: org.thymeleaf.standard.processor.StandardRefAttributeTagProcessor
[THYMELEAF]             * [{th:block,th-block} *] [100000]: org.thymeleaf.standard.processor.StandardBlockTagProcessor
[THYMELEAF]             * [* th:*] [2147483647]: org.thymeleaf.standard.processor.StandardDefaultAttributesTagProcessor
[THYMELEAF]         * Text Processors by [precedence]:
[THYMELEAF]             * [1000]: org.thymeleaf.standard.processor.StandardInliningTextProcessor
[THYMELEAF]         * DOCTYPE Processors by [precedence]:
[THYMELEAF]             * [1000]: org.thymeleaf.standard.processor.StandardTranslationDocTypeProcessor
[THYMELEAF]         * CDATA Section Processors by [precedence]:
[THYMELEAF]             * [1000]: org.thymeleaf.standard.processor.StandardInliningCDATASectionProcessor
[THYMELEAF]         * Comment Processors by [precedence]:
[THYMELEAF]             * [1000]: org.thymeleaf.standard.processor.StandardInliningCommentProcessor
[THYMELEAF]             * [1100]: org.thymeleaf.standard.processor.StandardConditionalCommentProcessor
[THYMELEAF]     * Processors for Template Mode: XML
[THYMELEAF]         * Element Tag Processors by [matching element and attribute name] [precedence]:
[THYMELEAF]             * [* {th:include}] [100]: org.thymeleaf.standard.processor.StandardIncludeTagProcessor
[THYMELEAF]             * [* {th:insert}] [100]: org.thymeleaf.standard.processor.StandardInsertTagProcessor
[THYMELEAF]             * [* {th:replace}] [100]: org.thymeleaf.standard.processor.StandardReplaceTagProcessor
[THYMELEAF]             * [* {th:each}] [200]: com.intuit.karate.template.KarateEachTagProcessor
[THYMELEAF]             * [* {th:switch}] [250]: org.thymeleaf.standard.processor.StandardSwitchTagProcessor
[THYMELEAF]             * [* {th:case}] [275]: org.thymeleaf.standard.processor.StandardCaseTagProcessor
[THYMELEAF]             * [* {th:if}] [300]: org.thymeleaf.standard.processor.StandardIfTagProcessor
[THYMELEAF]             * [* {th:unless}] [400]: org.thymeleaf.standard.processor.StandardUnlessTagProcessor
[THYMELEAF]             * [* {th:object}] [500]: org.thymeleaf.standard.processor.StandardObjectTagProcessor
[THYMELEAF]             * [* {th:with}] [600]: com.intuit.karate.template.KarateWithTagProcessor
[THYMELEAF]             * [* {th:attr}] [700]: com.intuit.karate.template.KarateAttributeTagProcessor.KarateAttrTagProcessor
[THYMELEAF]             * [* {th:attrappend}] [900]: com.intuit.karate.template.KarateAttributeTagProcessor.KarateAttrappendTagProcessor
[THYMELEAF]             * [* {th:attrprepend}] [900]: com.intuit.karate.template.KarateAttributeTagProcessor.KarateAttrprependTagProcessor
[THYMELEAF]             * [* {th:inline}] [1000]: org.thymeleaf.standard.processor.StandardInlineXMLTagProcessor
[THYMELEAF]             * [* {xmlns:th}] [1000]: org.thymeleaf.standard.processor.StandardXmlNsTagProcessor
[THYMELEAF]             * [* {th:text}] [1300]: org.thymeleaf.standard.processor.StandardTextTagProcessor
[THYMELEAF]             * [* {th:utext}] [1400]: org.thymeleaf.standard.processor.StandardUtextTagProcessor
[THYMELEAF]             * [* {th:fragment}] [1500]: org.thymeleaf.standard.processor.StandardFragmentTagProcessor
[THYMELEAF]             * [* {th:assert}] [1550]: org.thymeleaf.standard.processor.StandardAssertTagProcessor
[THYMELEAF]             * [* {th:remove}] [1600]: org.thymeleaf.standard.processor.StandardRemoveTagProcessor
[THYMELEAF]             * [* {th:ref}] [10000]: org.thymeleaf.standard.processor.StandardRefAttributeTagProcessor
[THYMELEAF]             * [{th:block} *] [100000]: org.thymeleaf.standard.processor.StandardBlockTagProcessor
[THYMELEAF]             * [* th:*] [2147483647]: org.thymeleaf.standard.processor.StandardDefaultAttributesTagProcessor
[THYMELEAF]         * Text Processors by [precedence]:
[THYMELEAF]             * [1000]: org.thymeleaf.standard.processor.StandardInliningTextProcessor
[THYMELEAF]         * CDATA Section Processors by [precedence]:
[THYMELEAF]             * [1000]: org.thymeleaf.standard.processor.StandardInliningCDATASectionProcessor
[THYMELEAF]         * Comment Processors by [precedence]:
[THYMELEAF]             * [1000]: org.thymeleaf.standard.processor.StandardInliningCommentProcessor
[THYMELEAF]     * Processors for Template Mode: TEXT
[THYMELEAF]         * Element Tag Processors by [matching element and attribute name] [precedence]:
[THYMELEAF]             * [* {th:insert}] [100]: org.thymeleaf.standard.processor.StandardInsertTagProcessor
[THYMELEAF]             * [* {th:replace}] [100]: org.thymeleaf.standard.processor.StandardReplaceTagProcessor
[THYMELEAF]             * [* {th:each}] [200]: com.intuit.karate.template.KarateEachTagProcessor
[THYMELEAF]             * [* {th:switch}] [250]: org.thymeleaf.standard.processor.StandardSwitchTagProcessor
[THYMELEAF]             * [* {th:case}] [275]: org.thymeleaf.standard.processor.StandardCaseTagProcessor
[THYMELEAF]             * [* {th:if}] [300]: org.thymeleaf.standard.processor.StandardIfTagProcessor
[THYMELEAF]             * [* {th:unless}] [400]: org.thymeleaf.standard.processor.StandardUnlessTagProcessor
[THYMELEAF]             * [* {th:object}] [500]: org.thymeleaf.standard.processor.StandardObjectTagProcessor
[THYMELEAF]             * [* {th:with}] [600]: com.intuit.karate.template.KarateWithTagProcessor
[THYMELEAF]             * [* {th:inline}] [1000]: org.thymeleaf.standard.processor.StandardInlineTextualTagProcessor
[THYMELEAF]             * [* {th:text}] [1300]: org.thymeleaf.standard.processor.StandardTextTagProcessor
[THYMELEAF]             * [* {th:utext}] [1400]: org.thymeleaf.standard.processor.StandardUtextTagProcessor
[THYMELEAF]             * [* {th:assert}] [1550]: org.thymeleaf.standard.processor.StandardAssertTagProcessor
[THYMELEAF]             * [* {th:remove}] [1600]: org.thymeleaf.standard.processor.StandardRemoveTagProcessor
[THYMELEAF]             * [{th:block} *] [100000]: org.thymeleaf.standard.processor.StandardBlockTagProcessor
[THYMELEAF]             * [* 100000] [org.thymeleaf.standard.processor.StandardBlockTagProcessor]: {}
[THYMELEAF]         * Text Processors by [precedence]:
[THYMELEAF]             * [1000]: org.thymeleaf.standard.processor.StandardInliningTextProcessor
[THYMELEAF]     * Processors for Template Mode: JAVASCRIPT
[THYMELEAF]         * Element Tag Processors by [matching element and attribute name] [precedence]:
[THYMELEAF]             * [* {th:insert}] [100]: org.thymeleaf.standard.processor.StandardInsertTagProcessor
[THYMELEAF]             * [* {th:replace}] [100]: org.thymeleaf.standard.processor.StandardReplaceTagProcessor
[THYMELEAF]             * [* {th:each}] [200]: com.intuit.karate.template.KarateEachTagProcessor
[THYMELEAF]             * [* {th:switch}] [250]: org.thymeleaf.standard.processor.StandardSwitchTagProcessor
[THYMELEAF]             * [* {th:case}] [275]: org.thymeleaf.standard.processor.StandardCaseTagProcessor
[THYMELEAF]             * [* {th:if}] [300]: org.thymeleaf.standard.processor.StandardIfTagProcessor
[THYMELEAF]             * [* {th:unless}] [400]: org.thymeleaf.standard.processor.StandardUnlessTagProcessor
[THYMELEAF]             * [* {th:object}] [500]: org.thymeleaf.standard.processor.StandardObjectTagProcessor
[THYMELEAF]             * [* {th:with}] [600]: com.intuit.karate.template.KarateWithTagProcessor
[THYMELEAF]             * [* {th:inline}] [1000]: org.thymeleaf.standard.processor.StandardInlineTextualTagProcessor
[THYMELEAF]             * [* {th:text}] [1300]: org.thymeleaf.standard.processor.StandardTextTagProcessor
[THYMELEAF]             * [* {th:utext}] [1400]: org.thymeleaf.standard.processor.StandardUtextTagProcessor
[THYMELEAF]             * [* {th:assert}] [1550]: org.thymeleaf.standard.processor.StandardAssertTagProcessor
[THYMELEAF]             * [* {th:remove}] [1600]: org.thymeleaf.standard.processor.StandardRemoveTagProcessor
[THYMELEAF]             * [{th:block} *] [100000]: org.thymeleaf.standard.processor.StandardBlockTagProcessor
[THYMELEAF]             * [* 100000] [org.thymeleaf.standard.processor.StandardBlockTagProcessor]: {}
[THYMELEAF]         * Text Processors by [precedence]:
[THYMELEAF]             * [1000]: org.thymeleaf.standard.processor.StandardInliningTextProcessor
[THYMELEAF]     * Processors for Template Mode: CSS
[THYMELEAF]         * Element Tag Processors by [matching element and attribute name] [precedence]:
[THYMELEAF]             * [* {th:insert}] [100]: org.thymeleaf.standard.processor.StandardInsertTagProcessor
[THYMELEAF]             * [* {th:replace}] [100]: org.thymeleaf.standard.processor.StandardReplaceTagProcessor
[THYMELEAF]             * [* {th:each}] [200]: com.intuit.karate.template.KarateEachTagProcessor
[THYMELEAF]             * [* {th:switch}] [250]: org.thymeleaf.standard.processor.StandardSwitchTagProcessor
[THYMELEAF]             * [* {th:case}] [275]: org.thymeleaf.standard.processor.StandardCaseTagProcessor
[THYMELEAF]             * [* {th:if}] [300]: org.thymeleaf.standard.processor.StandardIfTagProcessor
[THYMELEAF]             * [* {th:unless}] [400]: org.thymeleaf.standard.processor.StandardUnlessTagProcessor
[THYMELEAF]             * [* {th:object}] [500]: org.thymeleaf.standard.processor.StandardObjectTagProcessor
[THYMELEAF]             * [* {th:with}] [600]: com.intuit.karate.template.KarateWithTagProcessor
[THYMELEAF]             * [* {th:inline}] [1000]: org.thymeleaf.standard.processor.StandardInlineTextualTagProcessor
[THYMELEAF]             * [* {th:text}] [1300]: org.thymeleaf.standard.processor.StandardTextTagProcessor
[THYMELEAF]             * [* {th:utext}] [1400]: org.thymeleaf.standard.processor.StandardUtextTagProcessor
[THYMELEAF]             * [* {th:assert}] [1550]: org.thymeleaf.standard.processor.StandardAssertTagProcessor
[THYMELEAF]             * [* {th:remove}] [1600]: org.thymeleaf.standard.processor.StandardRemoveTagProcessor
[THYMELEAF]             * [{th:block} *] [100000]: org.thymeleaf.standard.processor.StandardBlockTagProcessor
[THYMELEAF]             * [* 100000] [org.thymeleaf.standard.processor.StandardBlockTagProcessor]: {}
[THYMELEAF]         * Text Processors by [precedence]:
[THYMELEAF]             * [1000]: org.thymeleaf.standard.processor.StandardInliningTextProcessor
[THYMELEAF]     * Expression Objects:
[THYMELEAF]         * #ctx
[THYMELEAF]         * #root
[THYMELEAF]         * #vars
[THYMELEAF]         * #object
[THYMELEAF]         * #locale
[THYMELEAF]         * #conversions
[THYMELEAF]         * #uris
[THYMELEAF]         * #temporals
[THYMELEAF]         * #calendars
[THYMELEAF]         * #dates
[THYMELEAF]         * #bools
[THYMELEAF]         * #numbers
[THYMELEAF]         * #objects
[THYMELEAF]         * #strings
[THYMELEAF]         * #arrays
[THYMELEAF]         * #lists
[THYMELEAF]         * #sets
[THYMELEAF]         * #maps
[THYMELEAF]         * #aggregates
[THYMELEAF]         * #messages
[THYMELEAF]         * #ids
[THYMELEAF]         * #execInfo
[THYMELEAF]         * #request
[THYMELEAF]         * #response
[THYMELEAF]         * #session
[THYMELEAF]         * #servletContext
[THYMELEAF]     * Execution Attributes:
[THYMELEAF]         * "StandardExpressionParser": com.intuit.karate.template.KarateStandardDialect@65d90b7f
[THYMELEAF]         * "StandardJavaScriptSerializer": org.thymeleaf.standard.serializer.StandardJavaScriptSerializer@fb5d334
[THYMELEAF]         * "StandardCSSSerializer": org.thymeleaf.standard.serializer.StandardCSSSerializer@45dc7be
[THYMELEAF]         * "StandardVariableExpressionEvaluator": com.intuit.karate.template.KarateStandardDialect@65d90b7f
[THYMELEAF]         * "StandardConversionService": org.thymeleaf.standard.expression.StandardConversionService@2d459bda
[THYMELEAF] * Dialect [2 of 2]: karate (com.intuit.karate.template.KarateScriptDialect)
[THYMELEAF]     * Prefix: "ka"
[THYMELEAF]     * Processors for Template Mode: HTML
[THYMELEAF]         * Element Tag Processors by [matching element and attribute name] [precedence]:
[THYMELEAF]             * [* {src}] [1000]: com.intuit.karate.template.KaScriptAttrProcessor
[THYMELEAF]         * Element Model Processors by [matching element and attribute name] [precedence]:
[THYMELEAF]             * [{script} {ka:scope,data-ka-scope}] [1000]: com.intuit.karate.template.KaScriptElemProcessor
[THYMELEAF]             * [* {ka:set,data-ka-set}] [1000]: com.intuit.karate.template.KaSetElemProcessor
[THYMELEAF] TEMPLATE ENGINE CONFIGURED OK
23:20:15.889 [main] DEBUG org.thymeleaf.TemplateEngine -- [THYMELEAF] TEMPLATE ENGINE INITIALIZED

HTML report: (paste into browser to view) | Karate version: 1.5.0
file:///C:/Users/Manoj/OneDrive/Desktop/myproject/target/karate-reports/karate-summary.html
===================================================================

]]></system-out>
  </testcase>
</testsuite>